0 verbose cli [ '/usr/bin/node', '/usr/bin/npm', 'audit', 'fix' ]
1 info using npm@8.5.5
2 info using node@v17.8.0
3 timing npm:load:whichnode Completed in 1ms
4 timing config:load:defaults Completed in 2ms
5 timing config:load:file:/usr/lib/node_modules/npm/npmrc Completed in 28ms
6 timing config:load:builtin Completed in 29ms
7 timing config:load:cli Completed in 2ms
8 timing config:load:env Completed in 0ms
9 timing config:load:project Completed in 17ms
10 timing config:load:file:/var/www/.npmrc Completed in 0ms
11 timing config:load:user Completed in 1ms
12 timing config:load:file:/usr/etc/npmrc Completed in 0ms
13 timing config:load:global Completed in 0ms
14 timing config:load:validate Completed in 1ms
15 timing config:load:credentials Completed in 1ms
16 timing config:load:setEnvs Completed in 1ms
17 timing config:load Completed in 54ms
18 timing npm:load:configload Completed in 54ms
19 timing npm:load:setTitle Completed in 1ms
20 timing config:load:flatten Completed in 3ms
21 timing npm:load:display Completed in 4ms
22 verbose logfile /var/www/.npm/_logs/2022-03-24T12_10_56_991Z-debug-0.log
23 timing npm:load:logFile Completed in 6ms
24 timing npm:load:timers Completed in 0ms
25 timing npm:load:configScope Completed in 0ms
26 timing npm:load Completed in 66ms
27 timing arborist:ctor Completed in 1ms
28 silly audit bulk request {
28 silly audit   '@ampproject/remapping': [ '2.1.2' ],
28 silly audit   '@babel/code-frame': [ '7.16.7' ],
28 silly audit   '@babel/compat-data': [ '7.17.0' ],
28 silly audit   '@babel/core': [ '7.17.5' ],
28 silly audit   semver: [ '6.3.0', '7.0.0', '7.3.5' ],
28 silly audit   '@babel/generator': [ '7.17.3' ],
28 silly audit   '@babel/helper-annotate-as-pure': [ '7.16.7' ],
28 silly audit   '@babel/helper-builder-binary-assignment-operator-visitor': [ '7.16.7' ],
28 silly audit   '@babel/helper-compilation-targets': [ '7.16.7' ],
28 silly audit   '@babel/helper-create-class-features-plugin': [ '7.17.6' ],
28 silly audit   '@babel/helper-create-regexp-features-plugin': [ '7.17.0' ],
28 silly audit   '@babel/helper-define-polyfill-provider': [ '0.3.1' ],
28 silly audit   '@babel/helper-environment-visitor': [ '7.16.7' ],
28 silly audit   '@babel/helper-explode-assignable-expression': [ '7.16.7' ],
28 silly audit   '@babel/helper-function-name': [ '7.16.7' ],
28 silly audit   '@babel/helper-get-function-arity': [ '7.16.7' ],
28 silly audit   '@babel/helper-hoist-variables': [ '7.16.7' ],
28 silly audit   '@babel/helper-member-expression-to-functions': [ '7.16.7' ],
28 silly audit   '@babel/helper-module-imports': [ '7.16.7' ],
28 silly audit   '@babel/helper-module-transforms': [ '7.17.6' ],
28 silly audit   '@babel/helper-optimise-call-expression': [ '7.16.7' ],
28 silly audit   '@babel/helper-plugin-utils': [ '7.16.7' ],
28 silly audit   '@babel/helper-remap-async-to-generator': [ '7.16.8' ],
28 silly audit   '@babel/helper-replace-supers': [ '7.16.7' ],
28 silly audit   '@babel/helper-simple-access': [ '7.16.7' ],
28 silly audit   '@babel/helper-skip-transparent-expression-wrappers': [ '7.16.0' ],
28 silly audit   '@babel/helper-split-export-declaration': [ '7.16.7' ],
28 silly audit   '@babel/helper-validator-identifier': [ '7.16.7' ],
28 silly audit   '@babel/helper-validator-option': [ '7.16.7' ],
28 silly audit   '@babel/helper-wrap-function': [ '7.16.8' ],
28 silly audit   '@babel/helpers': [ '7.17.2' ],
28 silly audit   '@babel/highlight': [ '7.16.10' ],
28 silly audit   'ansi-styles': [ '3.2.1', '4.3.0' ],
28 silly audit   chalk: [ '2.4.2', '4.1.2' ],
28 silly audit   'color-convert': [ '1.9.3', '2.0.1' ],
28 silly audit   'color-name': [ '1.1.3', '1.1.4' ],
28 silly audit   'has-flag': [ '3.0.0', '4.0.0' ],
28 silly audit   'supports-color': [ '5.5.0', '8.1.1', '6.1.0', '7.2.0' ],
28 silly audit   '@babel/parser': [ '7.17.3' ],
28 silly audit   '@babel/plugin-bugfix-safari-id-destructuring-collision-in-function-expression': [ '7.16.7' ],
28 silly audit   '@babel/plugin-bugfix-v8-spread-parameters-in-optional-chaining': [ '7.16.7' ],
28 silly audit   '@babel/plugin-proposal-async-generator-functions': [ '7.16.8' ],
28 silly audit   '@babel/plugin-proposal-class-properties': [ '7.16.7' ],
28 silly audit   '@babel/plugin-proposal-class-static-block': [ '7.17.6' ],
28 silly audit   '@babel/plugin-proposal-dynamic-import': [ '7.16.7' ],
28 silly audit   '@babel/plugin-proposal-export-namespace-from': [ '7.16.7' ],
28 silly audit   '@babel/plugin-proposal-json-strings': [ '7.16.7' ],
28 silly audit   '@babel/plugin-proposal-logical-assignment-operators': [ '7.16.7' ],
28 silly audit   '@babel/plugin-proposal-nullish-coalescing-operator': [ '7.16.7' ],
28 silly audit   '@babel/plugin-proposal-numeric-separator': [ '7.16.7' ],
28 silly audit   '@babel/plugin-proposal-object-rest-spread': [ '7.17.3' ],
28 silly audit   '@babel/plugin-proposal-optional-catch-binding': [ '7.16.7' ],
28 silly audit   '@babel/plugin-proposal-optional-chaining': [ '7.16.7' ],
28 silly audit   '@babel/plugin-proposal-private-methods': [ '7.16.11' ],
28 silly audit   '@babel/plugin-proposal-private-property-in-object': [ '7.16.7' ],
28 silly audit   '@babel/plugin-proposal-unicode-property-regex': [ '7.16.7' ],
28 silly audit   '@babel/plugin-syntax-async-generators': [ '7.8.4' ],
28 silly audit   '@babel/plugin-syntax-class-properties': [ '7.12.13' ],
28 silly audit   '@babel/plugin-syntax-class-static-block': [ '7.14.5' ],
28 silly audit   '@babel/plugin-syntax-dynamic-import': [ '7.8.3' ],
28 silly audit   '@babel/plugin-syntax-export-namespace-from': [ '7.8.3' ],
28 silly audit   '@babel/plugin-syntax-json-strings': [ '7.8.3' ],
28 silly audit   '@babel/plugin-syntax-logical-assignment-operators': [ '7.10.4' ],
28 silly audit   '@babel/plugin-syntax-nullish-coalescing-operator': [ '7.8.3' ],
28 silly audit   '@babel/plugin-syntax-numeric-separator': [ '7.10.4' ],
28 silly audit   '@babel/plugin-syntax-object-rest-spread': [ '7.8.3' ],
28 silly audit   '@babel/plugin-syntax-optional-catch-binding': [ '7.8.3' ],
28 silly audit   '@babel/plugin-syntax-optional-chaining': [ '7.8.3' ],
28 silly audit   '@babel/plugin-syntax-private-property-in-object': [ '7.14.5' ],
28 silly audit   '@babel/plugin-syntax-top-level-await': [ '7.14.5' ],
28 silly audit   '@babel/plugin-transform-arrow-functions': [ '7.16.7' ],
28 silly audit   '@babel/plugin-transform-async-to-generator': [ '7.16.8' ],
28 silly audit   '@babel/plugin-transform-block-scoped-functions': [ '7.16.7' ],
28 silly audit   '@babel/plugin-transform-block-scoping': [ '7.16.7' ],
28 silly audit   '@babel/plugin-transform-classes': [ '7.16.7' ],
28 silly audit   '@babel/plugin-transform-computed-properties': [ '7.16.7' ],
28 silly audit   '@babel/plugin-transform-destructuring': [ '7.17.3' ],
28 silly audit   '@babel/plugin-transform-dotall-regex': [ '7.16.7' ],
28 silly audit   '@babel/plugin-transform-duplicate-keys': [ '7.16.7' ],
28 silly audit   '@babel/plugin-transform-exponentiation-operator': [ '7.16.7' ],
28 silly audit   '@babel/plugin-transform-for-of': [ '7.16.7' ],
28 silly audit   '@babel/plugin-transform-function-name': [ '7.16.7' ],
28 silly audit   '@babel/plugin-transform-literals': [ '7.16.7' ],
28 silly audit   '@babel/plugin-transform-member-expression-literals': [ '7.16.7' ],
28 silly audit   '@babel/plugin-transform-modules-amd': [ '7.16.7' ],
28 silly audit   '@babel/plugin-transform-modules-commonjs': [ '7.16.8' ],
28 silly audit   '@babel/plugin-transform-modules-systemjs': [ '7.16.7' ],
28 silly audit   '@babel/plugin-transform-modules-umd': [ '7.16.7' ],
28 silly audit   '@babel/plugin-transform-named-capturing-groups-regex': [ '7.16.8' ],
28 silly audit   '@babel/plugin-transform-new-target': [ '7.16.7' ],
28 silly audit   '@babel/plugin-transform-object-super': [ '7.16.7' ],
28 silly audit   '@babel/plugin-transform-parameters': [ '7.16.7' ],
28 silly audit   '@babel/plugin-transform-property-literals': [ '7.16.7' ],
28 silly audit   '@babel/plugin-transform-regenerator': [ '7.16.7' ],
28 silly audit   '@babel/plugin-transform-reserved-words': [ '7.16.7' ],
28 silly audit   '@babel/plugin-transform-runtime': [ '7.17.0' ],
28 silly audit   '@babel/plugin-transform-shorthand-properties': [ '7.16.7' ],
28 silly audit   '@babel/plugin-transform-spread': [ '7.16.7' ],
28 silly audit   '@babel/plugin-transform-sticky-regex': [ '7.16.7' ],
28 silly audit   '@babel/plugin-transform-template-literals': [ '7.16.7' ],
28 silly audit   '@babel/plugin-transform-typeof-symbol': [ '7.16.7' ],
28 silly audit   '@babel/plugin-transform-unicode-escapes': [ '7.16.7' ],
28 silly audit   '@babel/plugin-transform-unicode-regex': [ '7.16.7' ],
28 silly audit   '@babel/preset-env': [ '7.16.11' ],
28 silly audit   '@babel/preset-modules': [ '0.1.5' ],
28 silly audit   '@babel/runtime': [ '7.17.2' ],
28 silly audit   '@babel/template': [ '7.16.7' ],
28 silly audit   '@babel/traverse': [ '7.17.3' ],
28 silly audit   '@babel/types': [ '7.17.0' ],
28 silly audit   '@discoveryjs/json-ext': [ '0.5.6' ],
28 silly audit   '@jridgewell/resolve-uri': [ '3.0.5' ],
28 silly audit   '@jridgewell/sourcemap-codec': [ '1.4.11' ],
28 silly audit   '@jridgewell/trace-mapping': [ '0.3.4' ],
28 silly audit   '@nodelib/fs.scandir': [ '2.1.5' ],
28 silly audit   '@nodelib/fs.stat': [ '2.0.5' ],
28 silly audit   '@nodelib/fs.walk': [ '1.2.8' ],
28 silly audit   '@popperjs/core': [ '2.11.2' ],
28 silly audit   '@trysound/sax': [ '0.2.0' ],
28 silly audit   '@types/babel__core': [ '7.1.18' ],
28 silly audit   '@types/babel__generator': [ '7.6.4' ],
28 silly audit   '@types/babel__template': [ '7.4.1' ],
28 silly audit   '@types/babel__traverse': [ '7.14.2' ],
28 silly audit   '@types/body-parser': [ '1.19.2' ],
28 silly audit   '@types/bonjour': [ '3.5.10' ],
28 silly audit   '@types/clean-css': [ '4.2.5' ],
28 silly audit   'source-map': [ '0.6.1', '0.5.7', '0.7.3' ],
28 silly audit   '@types/connect': [ '3.4.35' ],
28 silly audit   '@types/connect-history-api-fallback': [ '1.3.5' ],
28 silly audit   '@types/eslint': [ '8.4.1' ],
28 silly audit   '@types/eslint-scope': [ '3.7.3' ],
28 silly audit   '@types/estree': [ '0.0.51' ],
28 silly audit   '@types/express': [ '4.17.13' ],
28 silly audit   '@types/express-serve-static-core': [ '4.17.28' ],
28 silly audit   '@types/glob': [ '7.2.0' ],
28 silly audit   '@types/http-proxy': [ '1.17.8' ],
28 silly audit   '@types/imagemin': [ '8.0.0' ],
28 silly audit   '@types/imagemin-gifsicle': [ '7.0.1' ],
28 silly audit   '@types/imagemin-mozjpeg': [ '8.0.1' ],
28 silly audit   '@types/imagemin-optipng': [ '5.2.1' ],
28 silly audit   '@types/imagemin-svgo': [ '8.0.1' ],
28 silly audit   '@types/json-schema': [ '7.0.9' ],
28 silly audit   '@types/mime': [ '1.3.2' ],
28 silly audit   '@types/minimatch': [ '3.0.5' ],
28 silly audit   '@types/node': [ '17.0.21' ],
28 silly audit   '@types/parse-json': [ '4.0.0' ],
28 silly audit   '@types/qs': [ '6.9.7' ],
28 silly audit   '@types/range-parser': [ '1.2.4' ],
28 silly audit   '@types/retry': [ '0.12.1' ],
28 silly audit   '@types/serve-index': [ '1.9.1' ],
28 silly audit   '@types/serve-static': [ '1.13.10' ],
28 silly audit   '@types/sockjs': [ '0.3.33' ],
28 silly audit   '@types/svgo': [ '1.3.6' ],
28 silly audit   '@types/ws': [ '8.5.1' ],
28 silly audit   '@webassemblyjs/ast': [ '1.11.1' ],
28 silly audit   '@webassemblyjs/floating-point-hex-parser': [ '1.11.1' ],
28 silly audit   '@webassemblyjs/helper-api-error': [ '1.11.1' ],
28 silly audit   '@webassemblyjs/helper-buffer': [ '1.11.1' ],
28 silly audit   '@webassemblyjs/helper-numbers': [ '1.11.1' ],
28 silly audit   '@webassemblyjs/helper-wasm-bytecode': [ '1.11.1' ],
28 silly audit   '@webassemblyjs/helper-wasm-section': [ '1.11.1' ],
28 silly audit   '@webassemblyjs/ieee754': [ '1.11.1' ],
28 silly audit   '@webassemblyjs/leb128': [ '1.11.1' ],
28 silly audit   '@webassemblyjs/utf8': [ '1.11.1' ],
28 silly audit   '@webassemblyjs/wasm-edit': [ '1.11.1' ],
28 silly audit   '@webassemblyjs/wasm-gen': [ '1.11.1' ],
28 silly audit   '@webassemblyjs/wasm-opt': [ '1.11.1' ],
28 silly audit   '@webassemblyjs/wasm-parser': [ '1.11.1' ],
28 silly audit   '@webassemblyjs/wast-printer': [ '1.11.1' ],
28 silly audit   '@webpack-cli/configtest': [ '1.1.1' ],
28 silly audit   '@webpack-cli/info': [ '1.4.1' ],
28 silly audit   '@webpack-cli/serve': [ '1.6.1' ],
28 silly audit   '@xtuc/ieee754': [ '1.2.0' ],
28 silly audit   '@xtuc/long': [ '4.2.2' ],
28 silly audit   accepts: [ '1.3.8' ],
28 silly audit   acorn: [ '8.7.0' ],
28 silly audit   'acorn-import-assertions': [ '1.8.0' ],
28 silly audit   'adjust-sourcemap-loader': [ '3.0.0' ],
28 silly audit   'loader-utils': [ '2.0.2', '1.4.0', '1.2.3' ],
28 silly audit   'aggregate-error': [ '3.1.0' ],
28 silly audit   ajv: [ '6.12.6', '8.10.0' ],
28 silly audit   'ajv-formats': [ '2.1.1' ],
28 silly audit   'json-schema-traverse': [ '1.0.0', '0.4.1' ],
28 silly audit   'ajv-keywords': [ '3.5.2', '5.1.0' ],
28 silly audit   'ansi-html-community': [ '0.0.8' ],
28 silly audit   'ansi-regex': [ '5.0.1', '6.0.1' ],
28 silly audit   anymatch: [ '3.1.2' ],
28 silly audit   'arity-n': [ '1.0.4' ],
28 silly audit   'array-flatten': [ '2.1.2', '1.1.1' ],
28 silly audit   'array-union': [ '2.1.0' ],
28 silly audit   'asn1.js': [ '5.4.1' ],
28 silly audit   'bn.js': [ '4.12.0', '5.2.0' ],
28 silly audit   assert: [ '1.5.0' ],
28 silly audit   inherits: [ '2.0.1', '2.0.4', '2.0.3' ],
28 silly audit   util: [ '0.10.3', '0.11.1' ],
28 silly audit   async: [ '2.6.3' ],
28 silly audit   atob: [ '2.1.2' ],
28 silly audit   autoprefixer: [ '10.4.2' ],
28 silly audit   axios: [ '0.21.4' ],
28 silly audit   'babel-loader': [ '8.2.3' ],
28 silly audit   'babel-plugin-dynamic-import-node': [ '2.3.3' ],
28 silly audit   'babel-plugin-polyfill-corejs2': [ '0.3.1' ],
28 silly audit   'babel-plugin-polyfill-corejs3': [ '0.5.2' ],
28 silly audit   'babel-plugin-polyfill-regenerator': [ '0.3.1' ],
28 silly audit   'balanced-match': [ '1.0.2' ],
28 silly audit   'base64-js': [ '1.5.1' ],
28 silly audit   batch: [ '0.6.1' ],
28 silly audit   'big.js': [ '5.2.2' ],
28 silly audit   'binary-extensions': [ '2.2.0' ],
28 silly audit   'body-parser': [ '1.19.2' ],
28 silly audit   bytes: [ '3.1.2', '3.0.0' ],
28 silly audit   debug: [ '2.6.9', '4.3.3', '3.2.7' ],
28 silly audit   ms: [ '2.0.0', '2.1.2', '2.1.3' ],
28 silly audit   bonjour: [ '3.5.0' ],
28 silly audit   boolbase: [ '1.0.0' ],
28 silly audit   bootstrap: [ '5.1.3' ],
28 silly audit   'brace-expansion': [ '1.1.11' ],
28 silly audit   braces: [ '3.0.2' ],
28 silly audit   brorand: [ '1.1.0' ],
28 silly audit   'browserify-aes': [ '1.2.0' ],
28 silly audit   'browserify-cipher': [ '1.0.1' ],
28 silly audit   'browserify-des': [ '1.0.2' ],
28 silly audit   'browserify-rsa': [ '4.1.0' ],
28 silly audit   'browserify-sign': [ '4.2.1' ],
28 silly audit   'readable-stream': [ '3.6.0', '2.3.7' ],
28 silly audit   'safe-buffer': [ '5.2.1', '5.1.2' ],
28 silly audit   'browserify-zlib': [ '0.2.0' ],
28 silly audit   browserslist: [ '4.19.3' ],
28 silly audit   buffer: [ '4.9.2' ],
28 silly audit   'buffer-from': [ '1.1.2' ],
28 silly audit   'buffer-indexof': [ '1.1.1' ],
28 silly audit   'buffer-xor': [ '1.0.3' ],
28 silly audit   'builtin-status-codes': [ '3.0.0' ],
28 silly audit   'call-bind': [ '1.0.2' ],
28 silly audit   callsites: [ '3.1.0' ],
28 silly audit   'camel-case': [ '4.1.2' ],
28 silly audit   camelcase: [ '5.3.1' ],
28 silly audit   'caniuse-api': [ '3.0.0' ],
28 silly audit   'caniuse-lite': [ '1.0.30001312' ],
28 silly audit   charenc: [ '0.0.2' ],
28 silly audit   chokidar: [ '3.5.3' ],
28 silly audit   'chrome-trace-event': [ '1.0.3' ],
28 silly audit   'cipher-base': [ '1.0.4' ],
28 silly audit   'clean-css': [ '5.2.4', '4.2.4' ],
28 silly audit   'clean-stack': [ '2.2.0' ],
28 silly audit   'cli-table3': [ '0.6.1' ],
28 silly audit   cliui: [ '7.0.4' ],
28 silly audit   'clone-deep': [ '4.0.1' ],
28 silly audit   'collect.js': [ '4.31.3' ],
28 silly audit   colord: [ '2.9.2' ],
28 silly audit   colorette: [ '2.0.16' ],
28 silly audit   colors: [ '1.4.0' ],
28 silly audit   commander: [ '7.2.0', '2.20.3', '4.1.1' ],
28 silly audit   commondir: [ '1.0.1' ],
28 silly audit   'compose-function': [ '3.0.3' ],
28 silly audit   compressible: [ '2.0.18' ],
28 silly audit   compression: [ '1.7.4' ],
28 silly audit   concat: [ '1.0.3' ],
28 silly audit   'concat-map': [ '0.0.1' ],
28 silly audit   'connect-history-api-fallback': [ '1.6.0' ],
28 silly audit   consola: [ '2.15.3' ],
28 silly audit   'console-browserify': [ '1.2.0' ],
28 silly audit   'constants-browserify': [ '1.0.0' ],
28 silly audit   'content-disposition': [ '0.5.4' ],
28 silly audit   'content-type': [ '1.0.4' ],
28 silly audit   'convert-source-map': [ '1.8.0', '1.7.0', '0.3.5' ],
28 silly audit   cookie: [ '0.4.2' ],
28 silly audit   'cookie-signature': [ '1.0.6' ],
28 silly audit   'core-js-compat': [ '3.21.1' ],
28 silly audit   'core-util-is': [ '1.0.3' ],
28 silly audit   cosmiconfig: [ '7.0.1' ],
28 silly audit   'create-ecdh': [ '4.0.4' ],
28 silly audit   'create-hash': [ '1.2.0' ],
28 silly audit   'create-hmac': [ '1.1.7' ],
28 silly audit   'cross-spawn': [ '7.0.3' ],
28 silly audit   crypt: [ '0.0.2' ],
28 silly audit   'crypto-browserify': [ '3.12.0' ],
28 silly audit   css: [ '2.2.4' ],
28 silly audit   'css-declaration-sorter': [ '6.1.4' ],
28 silly audit   'css-loader': [ '5.2.7' ],
28 silly audit   'schema-utils': [ '3.1.1', '2.7.1', '4.0.0' ],
28 silly audit   'css-select': [ '4.2.1' ],
28 silly audit   domhandler: [ '4.3.0', '3.3.0' ],
28 silly audit   'css-tree': [ '1.1.3' ],
28 silly audit   'css-what': [ '5.1.0' ],
28 silly audit   cssesc: [ '3.0.0' ],
28 silly audit   cssnano: [ '5.0.17' ],
28 silly audit   'cssnano-preset-default': [ '5.1.12' ],
28 silly audit   'cssnano-utils': [ '3.0.2' ],
28 silly audit   csso: [ '4.2.0' ],
28 silly audit   d: [ '1.0.1' ],
28 silly audit   'de-indent': [ '1.0.2' ],
28 silly audit   'decode-uri-component': [ '0.2.0' ],
28 silly audit   'deep-equal': [ '1.1.1' ],
28 silly audit   'default-gateway': [ '6.0.3' ],
28 silly audit   'define-lazy-prop': [ '2.0.0' ],
28 silly audit   'define-properties': [ '1.1.3' ],
28 silly audit   del: [ '6.0.0' ],
28 silly audit   globby: [ '11.1.0', '10.0.2' ],
28 silly audit   depd: [ '1.1.2' ],
28 silly audit   'des.js': [ '1.0.1' ],
28 silly audit   destroy: [ '1.0.4' ],
28 silly audit   'detect-node': [ '2.1.0' ],
28 silly audit   'diffie-hellman': [ '5.0.3' ],
28 silly audit   'dir-glob': [ '3.0.1' ],
28 silly audit   'dns-equal': [ '1.0.0' ],
28 silly audit   'dns-packet': [ '1.3.4' ],
28 silly audit   'dns-txt': [ '2.0.2' ],
28 silly audit   'dom-serializer': [ '1.3.2' ],
28 silly audit   'domain-browser': [ '1.2.0' ],
28 silly audit   domelementtype: [ '2.2.0' ],
28 silly audit   domutils: [ '2.8.0' ],
28 silly audit   'dot-case': [ '3.0.4' ],
28 silly audit   dotenv: [ '10.0.0' ],
28 silly audit   'dotenv-expand': [ '5.1.0' ],
28 silly audit   'ee-first': [ '1.1.1' ],
28 silly audit   'electron-to-chromium': [ '1.4.73' ],
28 silly audit   elliptic: [ '6.5.4' ],
28 silly audit   'emoji-regex': [ '8.0.0' ],
28 silly audit   'emojis-list': [ '3.0.0', '2.1.0' ],
28 silly audit   encodeurl: [ '1.0.2' ],
28 silly audit   'enhanced-resolve': [ '5.9.1' ],
28 silly audit   entities: [ '2.2.0' ],
28 silly audit   envinfo: [ '7.8.1' ],
28 silly audit   'error-ex': [ '1.3.2' ],
28 silly audit   'es-module-lexer': [ '0.9.3' ],
28 silly audit   'es5-ext': [ '0.10.59' ],
28 silly audit   'es6-iterator': [ '2.0.3' ],
28 silly audit   'es6-symbol': [ '3.1.3' ],
28 silly audit   escalade: [ '3.1.1' ],
28 silly audit   'escape-html': [ '1.0.3' ],
28 silly audit   'escape-string-regexp': [ '1.0.5' ],
28 silly audit   'eslint-scope': [ '5.1.1' ],
28 silly audit   esrecurse: [ '4.3.0' ],
28 silly audit   estraverse: [ '5.3.0', '4.3.0' ],
28 silly audit   esutils: [ '2.0.3' ],
28 silly audit   etag: [ '1.8.1' ],
28 silly audit   eventemitter3: [ '4.0.7' ],
28 silly audit   events: [ '3.3.0' ],
28 silly audit   evp_bytestokey: [ '1.0.3' ],
28 silly audit   execa: [ '5.1.1' ],
28 silly audit   express: [ '4.17.3' ],
28 silly audit   ext: [ '1.6.0' ],
28 silly audit   type: [ '2.6.0', '1.2.0' ],
28 silly audit   'fast-deep-equal': [ '3.1.3' ],
28 silly audit   'fast-glob': [ '3.2.11' ],
28 silly audit   'fast-json-stable-stringify': [ '2.1.0' ],
28 silly audit   'fastest-levenshtein': [ '1.0.12' ],
28 silly audit   fastq: [ '1.13.0' ],
28 silly audit   'faye-websocket': [ '0.11.4' ],
28 silly audit   'file-loader': [ '6.2.0' ],
28 silly audit   'file-type': [ '12.4.2' ],
28 silly audit   'fill-range': [ '7.0.1' ],
28 silly audit   finalhandler: [ '1.1.2' ],
28 silly audit   'find-cache-dir': [ '3.3.2' ],
28 silly audit   'find-up': [ '4.1.0' ],
28 silly audit   'follow-redirects': [ '1.14.9' ],
28 silly audit   forwarded: [ '0.2.0' ],
28 silly audit   'fraction.js': [ '4.1.3' ],
28 silly audit   fresh: [ '0.5.2' ],
28 silly audit   'fs-extra': [ '10.0.1' ],
28 silly audit   'fs-monkey': [ '1.0.3' ],
28 silly audit   'fs.realpath': [ '1.0.0' ],
28 silly audit   fsevents: [ '2.3.2' ],
28 silly audit   'function-bind': [ '1.1.1' ],
28 silly audit   gensync: [ '1.0.0-beta.2' ],
28 silly audit   'get-caller-file': [ '2.0.5' ],
28 silly audit   'get-intrinsic': [ '1.1.1' ],
28 silly audit   'get-stream': [ '6.0.1' ],
28 silly audit   glob: [ '7.2.0' ],
28 silly audit   'glob-parent': [ '5.1.2' ],
28 silly audit   'glob-to-regexp': [ '0.4.1' ],
28 silly audit   globals: [ '11.12.0' ],
28 silly audit   'graceful-fs': [ '4.2.9' ],
28 silly audit   growly: [ '1.3.0' ],
28 silly audit   'handle-thing': [ '2.0.1' ],
28 silly audit   has: [ '1.0.3' ],
28 silly audit   'has-symbols': [ '1.0.2' ],
28 silly audit   'has-tostringtag': [ '1.0.0' ],
28 silly audit   'hash-base': [ '3.1.0' ],
28 silly audit   'hash-sum': [ '1.0.2' ],
28 silly audit   'hash.js': [ '1.1.7' ],
28 silly audit   he: [ '1.2.0' ],
28 silly audit   'hmac-drbg': [ '1.0.1' ],
28 silly audit   'hpack.js': [ '2.1.6' ],
28 silly audit   'html-entities': [ '2.3.2' ],
28 silly audit   'html-loader': [ '1.3.2' ],
28 silly audit   'html-minifier-terser': [ '5.1.1' ],
28 silly audit   terser: [ '4.8.0', '5.11.0' ],
28 silly audit   htmlparser2: [ '4.1.0' ],
28 silly audit   'http-deceiver': [ '1.2.7' ],
28 silly audit   'http-errors': [ '1.8.1', '1.6.3' ],
28 silly audit   'http-parser-js': [ '0.5.5' ],
28 silly audit   'http-proxy': [ '1.18.1' ],
28 silly audit   'http-proxy-middleware': [ '2.0.3' ],
28 silly audit   'https-browserify': [ '1.0.0' ],
28 silly audit   'human-signals': [ '2.1.0' ],
28 silly audit   'iconv-lite': [ '0.4.24' ],
28 silly audit   'icss-utils': [ '5.1.0' ],
28 silly audit   ieee754: [ '1.2.1' ],
28 silly audit   ignore: [ '5.2.0' ],
28 silly audit   imagemin: [ '7.0.1' ],
28 silly audit   'img-loader': [ '4.0.0' ],
28 silly audit   immutable: [ '4.0.0' ],
28 silly audit   'import-fresh': [ '3.3.0' ],
28 silly audit   'import-local': [ '3.1.0' ],
28 silly audit   'indent-string': [ '4.0.0' ],
28 silly audit   inflight: [ '1.0.6' ],
28 silly audit   interpret: [ '2.2.0' ],
28 silly audit   ip: [ '1.1.5' ],
28 silly audit   'ipaddr.js': [ '2.0.1', '1.9.1' ],
28 silly audit   'is-arguments': [ '1.1.1' ],
28 silly audit   'is-arrayish': [ '0.2.1' ],
28 silly audit   'is-binary-path': [ '2.1.0' ],
28 silly audit   'is-buffer': [ '1.1.6' ],
28 silly audit   'is-core-module': [ '2.8.1' ],
28 silly audit   'is-date-object': [ '1.0.5' ],
28 silly audit   'is-docker': [ '2.2.1' ],
28 silly audit   'is-extglob': [ '2.1.1' ],
28 silly audit   'is-fullwidth-code-point': [ '3.0.0' ],
28 silly audit   'is-glob': [ '4.0.3' ],
28 silly audit   'is-number': [ '7.0.0' ],
28 silly audit   'is-path-cwd': [ '2.2.0' ],
28 silly audit   'is-path-inside': [ '3.0.3' ],
28 silly audit   'is-plain-obj': [ '3.0.0' ],
28 silly audit   'is-plain-object': [ '2.0.4' ],
28 silly audit   'is-regex': [ '1.1.4' ],
28 silly audit   'is-stream': [ '2.0.1' ],
28 silly audit   'is-wsl': [ '2.2.0' ],
28 silly audit   isarray: [ '1.0.0' ],
28 silly audit   isexe: [ '2.0.0' ],
28 silly audit   isobject: [ '3.0.1' ],
28 silly audit   'jest-worker': [ '27.5.1' ],
28 silly audit   'js-tokens': [ '4.0.0' ],
28 silly audit   jsesc: [ '2.5.2', '0.5.0' ],
28 silly audit   'json-parse-better-errors': [ '1.0.2' ],
28 silly audit   'json-parse-even-better-errors': [ '2.3.1' ],
28 silly audit   json5: [ '2.2.0', '1.0.1' ],
28 silly audit   jsonfile: [ '6.1.0' ],
28 silly audit   junk: [ '3.1.0' ],
28 silly audit   'kind-of': [ '6.0.3' ],
28 silly audit   klona: [ '2.0.5' ],
28 silly audit   'laravel-mix': [ '6.0.43' ],
28 silly audit   lilconfig: [ '2.0.4' ],
28 silly audit   'lines-and-columns': [ '1.2.4' ],
28 silly audit   'loader-runner': [ '4.2.0' ],
28 silly audit   'locate-path': [ '5.0.0' ],
28 silly audit   lodash: [ '4.17.21' ],
28 silly audit   'lodash.debounce': [ '4.0.8' ],
28 silly audit   'lodash.memoize': [ '4.1.2' ],
28 silly audit   'lodash.uniq': [ '4.5.0' ],
28 silly audit   'lower-case': [ '2.0.2' ],
28 silly audit   'lru-cache': [ '6.0.0' ],
28 silly audit   'make-dir': [ '3.1.0' ],
28 silly audit   md5: [ '2.3.0' ],
28 silly audit   'md5.js': [ '1.3.5' ],
28 silly audit   'mdn-data': [ '2.0.14' ],
28 silly audit   'media-typer': [ '0.3.0' ],
28 silly audit   memfs: [ '3.4.1' ],
28 silly audit   'merge-descriptors': [ '1.0.1' ],
28 silly audit   'merge-stream': [ '2.0.0' ],
28 silly audit   merge2: [ '1.4.1' ],
28 silly audit   methods: [ '1.1.2' ],
28 silly audit   micromatch: [ '4.0.4' ],
28 silly audit   'miller-rabin': [ '4.0.1' ],
28 silly audit   mime: [ '1.6.0' ],
28 silly audit   'mime-db': [ '1.51.0' ],
28 silly audit   'mime-types': [ '2.1.34' ],
28 silly audit   'mimic-fn': [ '2.1.0' ],
28 silly audit   'mini-css-extract-plugin': [ '1.6.2' ],
28 silly audit   'minimalistic-assert': [ '1.0.1' ],
28 silly audit   'minimalistic-crypto-utils': [ '1.0.1' ],
28 silly audit   minimatch: [ '3.1.2' ],
28 silly audit   minimist: [ '1.2.5' ],
28 silly audit   mkdirp: [ '0.5.5' ],
28 silly audit   'multicast-dns': [ '6.2.3' ],
28 silly audit   'multicast-dns-service-types': [ '1.1.0' ],
28 silly audit   nanoid: [ '3.3.1' ],
28 silly audit   negotiator: [ '0.6.3' ],
28 silly audit   'neo-async': [ '2.6.2' ],
28 silly audit   'next-tick': [ '1.1.0' ],
28 silly audit   'no-case': [ '3.0.4' ],
28 silly audit   'node-forge': [ '1.2.1' ],
28 silly audit   'node-libs-browser': [ '2.2.1' ],
28 silly audit   'node-notifier': [ '9.0.1' ],
28 silly audit   'node-releases': [ '2.0.2' ],
28 silly audit   'normalize-path': [ '3.0.0' ],
28 silly audit   'normalize-range': [ '0.1.2' ],
28 silly audit   'normalize-url': [ '6.1.0' ],
28 silly audit   'npm-run-path': [ '4.0.1' ],
28 silly audit   'nth-check': [ '2.0.1' ],
28 silly audit   'object-assign': [ '4.1.1' ],
28 silly audit   'object-is': [ '1.1.5' ],
28 silly audit   'object-keys': [ '1.1.1' ],
28 silly audit   'object.assign': [ '4.1.2' ],
28 silly audit   obuf: [ '1.1.2' ],
28 silly audit   'on-finished': [ '2.3.0' ],
28 silly audit   'on-headers': [ '1.0.2' ],
28 silly audit   once: [ '1.4.0' ],
28 silly audit   onetime: [ '5.1.2' ],
28 silly audit   open: [ '8.4.0' ],
28 silly audit   'os-browserify': [ '0.3.0' ],
28 silly audit   'p-limit': [ '2.3.0' ],
28 silly audit   'p-locate': [ '4.1.0' ],
28 silly audit   'p-map': [ '4.0.0' ],
28 silly audit   'p-pipe': [ '3.1.0' ],
28 silly audit   'p-retry': [ '4.6.1' ],
28 silly audit   'p-try': [ '2.2.0' ],
28 silly audit   pako: [ '1.0.11' ],
28 silly audit   'param-case': [ '3.0.4' ],
28 silly audit   'parent-module': [ '1.0.1' ],
28 silly audit   'parse-asn1': [ '5.1.6' ],
28 silly audit   'parse-json': [ '5.2.0' ],
28 silly audit   parseurl: [ '1.3.3' ],
28 silly audit   'pascal-case': [ '3.1.2' ],
28 silly audit   'path-browserify': [ '0.0.1' ],
28 silly audit   'path-exists': [ '4.0.0' ],
28 silly audit   'path-is-absolute': [ '1.0.1' ],
28 silly audit   'path-key': [ '3.1.1' ],
28 silly audit   'path-parse': [ '1.0.7' ],
28 silly audit   'path-to-regexp': [ '0.1.7' ],
28 silly audit   'path-type': [ '4.0.0' ],
28 silly audit   pbkdf2: [ '3.1.2' ],
28 silly audit   picocolors: [ '1.0.0' ],
28 silly audit   picomatch: [ '2.3.1' ],
28 silly audit   'pkg-dir': [ '4.2.0' ],
28 silly audit   portfinder: [ '1.0.28' ],
28 silly audit   postcss: [ '8.4.7', '7.0.36' ],
28 silly audit   'postcss-calc': [ '8.2.4' ],
28 silly audit   'postcss-colormin': [ '5.2.5' ],
28 silly audit   'postcss-convert-values': [ '5.0.4' ],
28 silly audit   'postcss-discard-comments': [ '5.0.3' ],
28 silly audit   'postcss-discard-duplicates': [ '5.0.3' ],
28 silly audit   'postcss-discard-empty': [ '5.0.3' ],
28 silly audit   'postcss-discard-overridden': [ '5.0.4' ],
28 silly audit   'postcss-load-config': [ '3.1.3' ],
28 silly audit   'postcss-loader': [ '6.2.1' ],
28 silly audit   'postcss-merge-longhand': [ '5.0.6' ],
28 silly audit   'postcss-merge-rules': [ '5.0.6' ],
28 silly audit   'postcss-minify-font-values': [ '5.0.4' ],
28 silly audit   'postcss-minify-gradients': [ '5.0.6' ],
28 silly audit   'postcss-minify-params': [ '5.0.5' ],
28 silly audit   'postcss-minify-selectors': [ '5.1.3' ],
28 silly audit   'postcss-modules-extract-imports': [ '3.0.0' ],
28 silly audit   'postcss-modules-local-by-default': [ '4.0.0' ],
28 silly audit   'postcss-modules-scope': [ '3.0.0' ],
28 silly audit   'postcss-modules-values': [ '4.0.0' ],
28 silly audit   'postcss-normalize-charset': [ '5.0.3' ],
28 silly audit   'postcss-normalize-display-values': [ '5.0.3' ],
28 silly audit   'postcss-normalize-positions': [ '5.0.4' ],
28 silly audit   'postcss-normalize-repeat-style': [ '5.0.4' ],
28 silly audit   'postcss-normalize-string': [ '5.0.4' ],
28 silly audit   'postcss-normalize-timing-functions': [ '5.0.3' ],
28 silly audit   'postcss-normalize-unicode': [ '5.0.4' ],
28 silly audit   'postcss-normalize-url': [ '5.0.5' ],
28 silly audit   'postcss-normalize-whitespace': [ '5.0.4' ],
28 silly audit   'postcss-ordered-values': [ '5.0.5' ],
28 silly audit   'postcss-reduce-initial': [ '5.0.3' ],
28 silly audit   'postcss-reduce-transforms': [ '5.0.4' ],
28 silly audit   'postcss-selector-parser': [ '6.0.9' ],
28 silly audit   'postcss-svgo': [ '5.0.4' ],
28 silly audit   'postcss-unique-selectors': [ '5.0.4' ],
28 silly audit   'postcss-value-parser': [ '4.2.0' ],
28 silly audit   'pretty-time': [ '1.1.0' ],
28 silly audit   process: [ '0.11.10' ],
28 silly audit   'process-nextick-args': [ '2.0.1' ],
28 silly audit   'proxy-addr': [ '2.0.7' ],
28 silly audit   'public-encrypt': [ '4.0.3' ],
28 silly audit   punycode: [ '1.4.1', '2.1.1', '1.3.2' ],
28 silly audit   qs: [ '6.9.7' ],
28 silly audit   querystring: [ '0.2.0' ],
28 silly audit   'querystring-es3': [ '0.2.1' ],
28 silly audit   'queue-microtask': [ '1.2.3' ],
28 silly audit   randombytes: [ '2.1.0' ],
28 silly audit   randomfill: [ '1.0.4' ],
28 silly audit   'range-parser': [ '1.2.1' ],
28 silly audit   'raw-body': [ '2.4.3' ],
28 silly audit   string_decoder: [ '1.1.1', '1.3.0' ],
28 silly audit   readdirp: [ '3.6.0' ],
28 silly audit   rechoir: [ '0.7.1' ],
28 silly audit   regenerate: [ '1.4.2' ],
28 silly audit   'regenerate-unicode-properties': [ '10.0.1' ],
28 silly audit   'regenerator-runtime': [ '0.13.9' ],
28 silly audit   'regenerator-transform': [ '0.14.5' ],
28 silly audit   'regex-parser': [ '2.2.11' ],
28 silly audit   'regexp.prototype.flags': [ '1.4.1' ],
28 silly audit   'regexpu-core': [ '5.0.1' ],
28 silly audit   regjsgen: [ '0.6.0' ],
28 silly audit   regjsparser: [ '0.8.4' ],
28 silly audit   relateurl: [ '0.2.7' ],
28 silly audit   'replace-ext': [ '1.0.1' ],
28 silly audit   'require-directory': [ '2.1.1' ],
28 silly audit   'require-from-string': [ '2.0.2' ],
28 silly audit   'requires-port': [ '1.0.0' ],
28 silly audit   resolve: [ '1.22.0' ],
28 silly audit   'resolve-cwd': [ '3.0.0' ],
28 silly audit   'resolve-from': [ '5.0.0', '4.0.0' ],
28 silly audit   'resolve-url': [ '0.2.1' ],
28 silly audit   'resolve-url-loader': [ '3.1.4' ],
28 silly audit   retry: [ '0.13.1' ],
28 silly audit   reusify: [ '1.0.4' ],
28 silly audit   rework: [ '1.0.1' ],
28 silly audit   'rework-visit': [ '1.0.0' ],
28 silly audit   rimraf: [ '3.0.2' ],
28 silly audit   ripemd160: [ '2.0.2' ],
28 silly audit   'run-parallel': [ '1.2.0' ],
28 silly audit   'safer-buffer': [ '2.1.2' ],
28 silly audit   sass: [ '1.49.9' ],
28 silly audit   'sass-loader': [ '11.1.1' ],
28 silly audit   'select-hose': [ '2.0.0' ],
28 silly audit   selfsigned: [ '2.0.0' ],
28 silly audit   send: [ '0.17.2' ],
28 silly audit   'serialize-javascript': [ '6.0.0' ],
28 silly audit   'serve-index': [ '1.9.1' ],
28 silly audit   setprototypeof: [ '1.1.0', '1.2.0' ],
28 silly audit   'serve-static': [ '1.14.2' ],
28 silly audit   setimmediate: [ '1.0.5' ],
28 silly audit   'sha.js': [ '2.4.11' ],
28 silly audit   'shallow-clone': [ '3.0.1' ],
28 silly audit   'shebang-command': [ '2.0.0' ],
28 silly audit   'shebang-regex': [ '3.0.0' ],
28 silly audit   shellwords: [ '0.1.1' ],
28 silly audit   'signal-exit': [ '3.0.7' ],
28 silly audit   slash: [ '3.0.0' ],
28 silly audit   sockjs: [ '0.3.24' ],
28 silly audit   'source-list-map': [ '2.0.1' ],
28 silly audit   'source-map-js': [ '1.0.2' ],
28 silly audit   'source-map-resolve': [ '0.5.3' ],
28 silly audit   'source-map-support': [ '0.5.21' ],
28 silly audit   'source-map-url': [ '0.4.1' ],
28 silly audit   spdy: [ '4.0.2' ],
28 silly audit   'spdy-transport': [ '3.0.0' ],
28 silly audit   stable: [ '0.1.8' ],
28 silly audit   statuses: [ '1.5.0' ],
28 silly audit   'std-env': [ '3.0.1' ],
28 silly audit   'stream-browserify': [ '2.0.2' ],
28 silly audit   'stream-http': [ '2.8.3' ],
28 silly audit   'string-width': [ '4.2.3' ],
28 silly audit   'strip-ansi': [ '6.0.1', '7.0.1' ],
28 silly audit   'strip-final-newline': [ '2.0.0' ],
28 silly audit   'style-loader': [ '2.0.0' ],
28 silly audit   stylehacks: [ '5.0.3' ],
28 silly audit   'supports-preserve-symlinks-flag': [ '1.0.0' ],
28 silly audit   svgo: [ '2.8.0' ],
28 silly audit   tapable: [ '2.2.1' ],
28 silly audit   'terser-webpack-plugin': [ '5.3.1' ],
28 silly audit   thunky: [ '1.1.0' ],
28 silly audit   'timers-browserify': [ '2.0.12' ],
28 silly audit   timsort: [ '0.3.0' ],
28 silly audit   'to-arraybuffer': [ '1.0.1' ],
28 silly audit   'to-fast-properties': [ '2.0.0' ],
28 silly audit   'to-regex-range': [ '5.0.1' ],
28 silly audit   toidentifier: [ '1.0.1' ],
28 silly audit   tslib: [ '2.3.1' ],
28 silly audit   'tty-browserify': [ '0.0.0' ],
28 silly audit   'type-is': [ '1.6.18' ],
28 silly audit   'unicode-canonical-property-names-ecmascript': [ '2.0.0' ],
28 silly audit   'unicode-match-property-ecmascript': [ '2.0.0' ],
28 silly audit   'unicode-match-property-value-ecmascript': [ '2.0.0' ],
28 silly audit   'unicode-property-aliases-ecmascript': [ '2.0.0' ],
28 silly audit   universalify: [ '2.0.0' ],
28 silly audit   unpipe: [ '1.0.0' ],
28 silly audit   'uri-js': [ '4.4.1' ],
28 silly audit   urix: [ '0.1.0' ],
28 silly audit   url: [ '0.11.0' ],
28 silly audit   'util-deprecate': [ '1.0.2' ],
28 silly audit   'utils-merge': [ '1.0.1' ],
28 silly audit   uuid: [ '8.3.2' ],
28 silly audit   vary: [ '1.1.2' ],
28 silly audit   'vm-browserify': [ '1.1.2' ],
28 silly audit   vue: [ '2.6.14' ],
28 silly audit   'vue-style-loader': [ '4.1.3' ],
28 silly audit   'vue-template-compiler': [ '2.6.14' ],
28 silly audit   watchpack: [ '2.3.1' ],
28 silly audit   wbuf: [ '1.7.3' ],
28 silly audit   webpack: [ '5.69.1' ],
28 silly audit   'webpack-cli': [ '4.9.2' ],
28 silly audit   'webpack-dev-middleware': [ '5.3.1' ],
28 silly audit   'webpack-dev-server': [ '4.7.4' ],
28 silly audit   'webpack-merge': [ '5.8.0' ],
28 silly audit   'webpack-notifier': [ '1.15.0' ],
28 silly audit   'webpack-sources': [ '1.4.3', '3.2.3' ],
28 silly audit   webpackbar: [ '5.0.2' ],
28 silly audit   'websocket-driver': [ '0.7.4' ],
28 silly audit   'websocket-extensions': [ '0.1.4' ],
28 silly audit   which: [ '2.0.2' ],
28 silly audit   wildcard: [ '2.0.0' ],
28 silly audit   'wrap-ansi': [ '7.0.0' ],
28 silly audit   wrappy: [ '1.0.2' ],
28 silly audit   ws: [ '8.5.0' ],
28 silly audit   xtend: [ '4.0.2' ],
28 silly audit   y18n: [ '5.0.8' ],
28 silly audit   yallist: [ '4.0.0' ],
28 silly audit   yaml: [ '1.10.2' ],
28 silly audit   yargs: [ '17.3.1' ],
28 silly audit   'yargs-parser': [ '21.0.1' ]
28 silly audit }
29 http fetch POST 200 https://registry.npmjs.org/-/npm/v1/security/advisories/bulk 381ms
30 timing auditReport:getReport Completed in 394ms
31 silly audit report {
31 silly audit report   'node-forge': [
31 silly audit report     {
31 silly audit report       id: 1067278,
31 silly audit report       url: 'https://github.com/advisories/GHSA-2r2c-g63r-vccr',
31 silly audit report       title: 'Improper Verification of Cryptographic Signature in `node-forge`',
31 silly audit report       severity: 'moderate',
31 silly audit report       vulnerable_versions: '<1.3.0',
31 silly audit report       cwe: [Array],
31 silly audit report       cvss: [Object]
31 silly audit report     },
31 silly audit report     {
31 silly audit report       id: 1067279,
31 silly audit report       url: 'https://github.com/advisories/GHSA-x4jg-mjrx-434g',
31 silly audit report       title: 'Improper Verification of Cryptographic Signature in `node-forge`',
31 silly audit report       severity: 'high',
31 silly audit report       vulnerable_versions: '<1.3.0',
31 silly audit report       cwe: [Array],
31 silly audit report       cvss: [Object]
31 silly audit report     },
31 silly audit report     {
31 silly audit report       id: 1067280,
31 silly audit report       url: 'https://github.com/advisories/GHSA-cfm4-qjh2-4765',
31 silly audit report       title: 'Improper Verification of Cryptographic Signature in node-forge',
31 silly audit report       severity: 'high',
31 silly audit report       vulnerable_versions: '<1.3.0',
31 silly audit report       cwe: [Array],
31 silly audit report       cvss: [Object]
31 silly audit report     }
31 silly audit report   ],
31 silly audit report   minimist: [
31 silly audit report     {
31 silly audit report       id: 1067285,
31 silly audit report       url: 'https://github.com/advisories/GHSA-xvch-5gv4-984h',
31 silly audit report       title: 'Prototype Pollution in minimist',
31 silly audit report       severity: 'high',
31 silly audit report       vulnerable_versions: '<=1.2.5',
31 silly audit report       cwe: [Array],
31 silly audit report       cvss: [Object]
31 silly audit report     }
31 silly audit report   ]
31 silly audit report }
32 timing metavuln:cache:get:security-advisory:node-forge:eTHlzDL+UVScP3jm/mW+/tHb/N7RDPfRKPKM+bTWr2hfRIP7VvxvFKUx+aYnarAiHwkYDfsiYEYgA6XM7SR+Ow== Completed in 19ms
33 timing metavuln:cache:get:security-advisory:minimist:NONASLfTlNcgULjH53Tn+JdSwkDfAcT56bpR8UbPKBiojsS1f+8i1JfsZ7SBgAmGH7JMe21CAsGgVFqGoNwK3Q== Completed in 18ms
34 timing metavuln:cache:get:security-advisory:node-forge:cd03itj1xNgaqpZlkM3DSYPBZqfVQBqg44ISfvIYeU1zQDpte4SZ1r6T3JMM6GRDWqzyc1vACvbqkfYaPRXelQ== Completed in 18ms
35 timing metavuln:cache:get:security-advisory:node-forge:FA5dVSxjV2PzTiEW5FspsgiErmOSHez3tbThqjAtyGJFkDx6iePwtToZQW6LsXtaCCGyrNjC1YUYx/WPA2VhAw== Completed in 19ms
36 http fetch GET 200 https://registry.npmjs.org/minimist 31ms (cache hit)
37 timing metavuln:packument:minimist Completed in 32ms
38 timing metavuln:load:security-advisory:minimist:1067285 Completed in 1ms
39 timing metavuln:calculate:security-advisory:minimist:1067285 Completed in 34ms
40 http fetch GET 200 https://registry.npmjs.org/node-forge 34ms (cache hit)
41 timing metavuln:packument:node-forge Completed in 38ms
42 timing metavuln:load:security-advisory:node-forge:1067278 Completed in 1ms
43 timing metavuln:calculate:security-advisory:node-forge:1067278 Completed in 40ms
44 timing metavuln:load:security-advisory:node-forge:1067279 Completed in 1ms
45 timing metavuln:calculate:security-advisory:node-forge:1067279 Completed in 39ms
46 timing metavuln:load:security-advisory:node-forge:1067280 Completed in 1ms
47 timing metavuln:calculate:security-advisory:node-forge:1067280 Completed in 40ms
48 timing metavuln:cache:get:security-advisory:selfsigned:fCU0wQ4wn9gRdNyWN0yIIZFfhjtBqmJaVCZGkYCc6RIcPxzIq/CqzxaNoBaod+e6OepghBfK5GHmr6Z+AFEvzQ== Completed in 3ms
49 http fetch GET 200 https://registry.npmjs.org/selfsigned 16ms (cache hit)
50 timing metavuln:packument:selfsigned Completed in 17ms
51 timing metavuln:load:security-advisory:selfsigned:eTHlzDL+UVScP3jm/mW+/tHb/N7RDPfRKPKM+bTWr2hfRIP7VvxvFKUx+aYnarAiHwkYDfsiYEYgA6XM7SR+Ow== Completed in 0ms
52 timing metavuln:calculate:security-advisory:selfsigned:eTHlzDL+UVScP3jm/mW+/tHb/N7RDPfRKPKM+bTWr2hfRIP7VvxvFKUx+aYnarAiHwkYDfsiYEYgA6XM7SR+Ow== Completed in 17ms
53 timing metavuln:cache:get:security-advisory:mkdirp:GnGrcX5dJ0aYHDxE6wJcd4ha+L9YYcyAhCE+VC3AcmWOQZvam+W4VVTIaMMIm6EhBruBRLBJ39eTG7aUxAv3nQ== Completed in 7ms
54 timing metavuln:cache:get:security-advisory:json5:LvW6V3zqjjNw8DI5qWtY3hia5a5P22nLD0LTNdvyi9ejGpqq6/Asphu8rB7YaK6Viatycdmx5vAWGwbO8OdfrQ== Completed in 9ms
55 http fetch GET 200 https://registry.npmjs.org/json5 20ms (cache hit)
56 timing metavuln:packument:json5 Completed in 22ms
57 timing metavuln:load:security-advisory:json5:NONASLfTlNcgULjH53Tn+JdSwkDfAcT56bpR8UbPKBiojsS1f+8i1JfsZ7SBgAmGH7JMe21CAsGgVFqGoNwK3Q== Completed in 0ms
58 timing metavuln:calculate:security-advisory:json5:NONASLfTlNcgULjH53Tn+JdSwkDfAcT56bpR8UbPKBiojsS1f+8i1JfsZ7SBgAmGH7JMe21CAsGgVFqGoNwK3Q== Completed in 22ms
59 http fetch GET 200 https://registry.npmjs.org/mkdirp 25ms (cache hit)
60 timing metavuln:packument:mkdirp Completed in 26ms
61 timing metavuln:load:security-advisory:mkdirp:NONASLfTlNcgULjH53Tn+JdSwkDfAcT56bpR8UbPKBiojsS1f+8i1JfsZ7SBgAmGH7JMe21CAsGgVFqGoNwK3Q== Completed in 0ms
62 timing metavuln:calculate:security-advisory:mkdirp:NONASLfTlNcgULjH53Tn+JdSwkDfAcT56bpR8UbPKBiojsS1f+8i1JfsZ7SBgAmGH7JMe21CAsGgVFqGoNwK3Q== Completed in 26ms
63 timing auditReport:init Completed in 90ms
64 timing audit Completed in 1155ms
65 timing idealTree:init Completed in 1ms
66 timing idealTree:userRequests Completed in 1ms
67 silly idealTree buildDeps
68 timing idealTree:#root Completed in 0ms
69 silly fetch manifest minimist@^1.2.5
70 silly placeDep ROOT minimist@1.2.6 REPLACE for: json5@2.2.0 want: ^1.2.5
71 timing idealTree:node_modules/json5 Completed in 10ms
72 timing idealTree:node_modules/minimist Completed in 0ms
73 timing idealTree:node_modules/mkdirp Completed in 0ms
74 silly fetch manifest node-forge@^1.2.0
75 silly placeDep ROOT node-forge@1.3.0 REPLACE for: selfsigned@2.0.0 want: ^1.2.0
76 timing idealTree:node_modules/selfsigned Completed in 4ms
77 timing idealTree:node_modules/node-forge Completed in 0ms
78 timing idealTree:node_modules/loader-utils/node_modules/json5 Completed in 0ms
79 timing idealTree:node_modules/resolve-url-loader/node_modules/json5 Completed in 0ms
80 timing idealTree:buildDeps Completed in 17ms
81 timing idealTree:fixDepFlags Completed in 8ms
82 timing idealTree Completed in 52ms
83 timing arborist:ctor Completed in 0ms
84 timing reify:loadTrees Completed in 728ms
85 timing reify:diffTrees Completed in 19ms
86 silly reify mark retired [ '/var/www/node_modules/minimist' ]
87 silly reify mark retired [ '/var/www/node_modules/node-forge' ]
88 silly reify moves {
88 silly reify   '/var/www/node_modules/minimist': '/var/www/node_modules/.minimist-9EOVXFIi',
88 silly reify   '/var/www/node_modules/node-forge': '/var/www/node_modules/.node-forge-3AensInr'
88 silly reify }
89 timing reify:retireShallow Completed in 10ms
90 timing reify:createSparse Completed in 1ms
91 timing reify:loadBundles Completed in 0ms
92 silly audit bulk request {
92 silly audit   '@ampproject/remapping': [ '2.1.2' ],
92 silly audit   '@babel/code-frame': [ '7.16.7' ],
92 silly audit   '@babel/compat-data': [ '7.17.0' ],
92 silly audit   '@babel/core': [ '7.17.5' ],
92 silly audit   semver: [ '6.3.0', '7.0.0', '7.3.5' ],
92 silly audit   '@babel/generator': [ '7.17.3' ],
92 silly audit   '@babel/helper-annotate-as-pure': [ '7.16.7' ],
92 silly audit   '@babel/helper-builder-binary-assignment-operator-visitor': [ '7.16.7' ],
92 silly audit   '@babel/helper-compilation-targets': [ '7.16.7' ],
92 silly audit   '@babel/helper-create-class-features-plugin': [ '7.17.6' ],
92 silly audit   '@babel/helper-create-regexp-features-plugin': [ '7.17.0' ],
92 silly audit   '@babel/helper-define-polyfill-provider': [ '0.3.1' ],
92 silly audit   '@babel/helper-environment-visitor': [ '7.16.7' ],
92 silly audit   '@babel/helper-explode-assignable-expression': [ '7.16.7' ],
92 silly audit   '@babel/helper-function-name': [ '7.16.7' ],
92 silly audit   '@babel/helper-get-function-arity': [ '7.16.7' ],
92 silly audit   '@babel/helper-hoist-variables': [ '7.16.7' ],
92 silly audit   '@babel/helper-member-expression-to-functions': [ '7.16.7' ],
92 silly audit   '@babel/helper-module-imports': [ '7.16.7' ],
92 silly audit   '@babel/helper-module-transforms': [ '7.17.6' ],
92 silly audit   '@babel/helper-optimise-call-expression': [ '7.16.7' ],
92 silly audit   '@babel/helper-plugin-utils': [ '7.16.7' ],
92 silly audit   '@babel/helper-remap-async-to-generator': [ '7.16.8' ],
92 silly audit   '@babel/helper-replace-supers': [ '7.16.7' ],
92 silly audit   '@babel/helper-simple-access': [ '7.16.7' ],
92 silly audit   '@babel/helper-skip-transparent-expression-wrappers': [ '7.16.0' ],
92 silly audit   '@babel/helper-split-export-declaration': [ '7.16.7' ],
92 silly audit   '@babel/helper-validator-identifier': [ '7.16.7' ],
92 silly audit   '@babel/helper-validator-option': [ '7.16.7' ],
92 silly audit   '@babel/helper-wrap-function': [ '7.16.8' ],
92 silly audit   '@babel/helpers': [ '7.17.2' ],
92 silly audit   '@babel/highlight': [ '7.16.10' ],
92 silly audit   'ansi-styles': [ '3.2.1', '4.3.0' ],
92 silly audit   chalk: [ '2.4.2', '4.1.2' ],
92 silly audit   'color-convert': [ '1.9.3', '2.0.1' ],
92 silly audit   'color-name': [ '1.1.3', '1.1.4' ],
92 silly audit   'has-flag': [ '3.0.0', '4.0.0' ],
92 silly audit   'supports-color': [ '5.5.0', '8.1.1', '6.1.0', '7.2.0' ],
92 silly audit   '@babel/parser': [ '7.17.3' ],
92 silly audit   '@babel/plugin-bugfix-safari-id-destructuring-collision-in-function-expression': [ '7.16.7' ],
92 silly audit   '@babel/plugin-bugfix-v8-spread-parameters-in-optional-chaining': [ '7.16.7' ],
92 silly audit   '@babel/plugin-proposal-async-generator-functions': [ '7.16.8' ],
92 silly audit   '@babel/plugin-proposal-class-properties': [ '7.16.7' ],
92 silly audit   '@babel/plugin-proposal-class-static-block': [ '7.17.6' ],
92 silly audit   '@babel/plugin-proposal-dynamic-import': [ '7.16.7' ],
92 silly audit   '@babel/plugin-proposal-export-namespace-from': [ '7.16.7' ],
92 silly audit   '@babel/plugin-proposal-json-strings': [ '7.16.7' ],
92 silly audit   '@babel/plugin-proposal-logical-assignment-operators': [ '7.16.7' ],
92 silly audit   '@babel/plugin-proposal-nullish-coalescing-operator': [ '7.16.7' ],
92 silly audit   '@babel/plugin-proposal-numeric-separator': [ '7.16.7' ],
92 silly audit   '@babel/plugin-proposal-object-rest-spread': [ '7.17.3' ],
92 silly audit   '@babel/plugin-proposal-optional-catch-binding': [ '7.16.7' ],
92 silly audit   '@babel/plugin-proposal-optional-chaining': [ '7.16.7' ],
92 silly audit   '@babel/plugin-proposal-private-methods': [ '7.16.11' ],
92 silly audit   '@babel/plugin-proposal-private-property-in-object': [ '7.16.7' ],
92 silly audit   '@babel/plugin-proposal-unicode-property-regex': [ '7.16.7' ],
92 silly audit   '@babel/plugin-syntax-async-generators': [ '7.8.4' ],
92 silly audit   '@babel/plugin-syntax-class-properties': [ '7.12.13' ],
92 silly audit   '@babel/plugin-syntax-class-static-block': [ '7.14.5' ],
92 silly audit   '@babel/plugin-syntax-dynamic-import': [ '7.8.3' ],
92 silly audit   '@babel/plugin-syntax-export-namespace-from': [ '7.8.3' ],
92 silly audit   '@babel/plugin-syntax-json-strings': [ '7.8.3' ],
92 silly audit   '@babel/plugin-syntax-logical-assignment-operators': [ '7.10.4' ],
92 silly audit   '@babel/plugin-syntax-nullish-coalescing-operator': [ '7.8.3' ],
92 silly audit   '@babel/plugin-syntax-numeric-separator': [ '7.10.4' ],
92 silly audit   '@babel/plugin-syntax-object-rest-spread': [ '7.8.3' ],
92 silly audit   '@babel/plugin-syntax-optional-catch-binding': [ '7.8.3' ],
92 silly audit   '@babel/plugin-syntax-optional-chaining': [ '7.8.3' ],
92 silly audit   '@babel/plugin-syntax-private-property-in-object': [ '7.14.5' ],
92 silly audit   '@babel/plugin-syntax-top-level-await': [ '7.14.5' ],
92 silly audit   '@babel/plugin-transform-arrow-functions': [ '7.16.7' ],
92 silly audit   '@babel/plugin-transform-async-to-generator': [ '7.16.8' ],
92 silly audit   '@babel/plugin-transform-block-scoped-functions': [ '7.16.7' ],
92 silly audit   '@babel/plugin-transform-block-scoping': [ '7.16.7' ],
92 silly audit   '@babel/plugin-transform-classes': [ '7.16.7' ],
92 silly audit   '@babel/plugin-transform-computed-properties': [ '7.16.7' ],
92 silly audit   '@babel/plugin-transform-destructuring': [ '7.17.3' ],
92 silly audit   '@babel/plugin-transform-dotall-regex': [ '7.16.7' ],
92 silly audit   '@babel/plugin-transform-duplicate-keys': [ '7.16.7' ],
92 silly audit   '@babel/plugin-transform-exponentiation-operator': [ '7.16.7' ],
92 silly audit   '@babel/plugin-transform-for-of': [ '7.16.7' ],
92 silly audit   '@babel/plugin-transform-function-name': [ '7.16.7' ],
92 silly audit   '@babel/plugin-transform-literals': [ '7.16.7' ],
92 silly audit   '@babel/plugin-transform-member-expression-literals': [ '7.16.7' ],
92 silly audit   '@babel/plugin-transform-modules-amd': [ '7.16.7' ],
92 silly audit   '@babel/plugin-transform-modules-commonjs': [ '7.16.8' ],
92 silly audit   '@babel/plugin-transform-modules-systemjs': [ '7.16.7' ],
92 silly audit   '@babel/plugin-transform-modules-umd': [ '7.16.7' ],
92 silly audit   '@babel/plugin-transform-named-capturing-groups-regex': [ '7.16.8' ],
92 silly audit   '@babel/plugin-transform-new-target': [ '7.16.7' ],
92 silly audit   '@babel/plugin-transform-object-super': [ '7.16.7' ],
92 silly audit   '@babel/plugin-transform-parameters': [ '7.16.7' ],
92 silly audit   '@babel/plugin-transform-property-literals': [ '7.16.7' ],
92 silly audit   '@babel/plugin-transform-regenerator': [ '7.16.7' ],
92 silly audit   '@babel/plugin-transform-reserved-words': [ '7.16.7' ],
92 silly audit   '@babel/plugin-transform-runtime': [ '7.17.0' ],
92 silly audit   '@babel/plugin-transform-shorthand-properties': [ '7.16.7' ],
92 silly audit   '@babel/plugin-transform-spread': [ '7.16.7' ],
92 silly audit   '@babel/plugin-transform-sticky-regex': [ '7.16.7' ],
92 silly audit   '@babel/plugin-transform-template-literals': [ '7.16.7' ],
92 silly audit   '@babel/plugin-transform-typeof-symbol': [ '7.16.7' ],
92 silly audit   '@babel/plugin-transform-unicode-escapes': [ '7.16.7' ],
92 silly audit   '@babel/plugin-transform-unicode-regex': [ '7.16.7' ],
92 silly audit   '@babel/preset-env': [ '7.16.11' ],
92 silly audit   '@babel/preset-modules': [ '0.1.5' ],
92 silly audit   '@babel/runtime': [ '7.17.2' ],
92 silly audit   '@babel/template': [ '7.16.7' ],
92 silly audit   '@babel/traverse': [ '7.17.3' ],
92 silly audit   '@babel/types': [ '7.17.0' ],
92 silly audit   '@discoveryjs/json-ext': [ '0.5.6' ],
92 silly audit   '@jridgewell/resolve-uri': [ '3.0.5' ],
92 silly audit   '@jridgewell/sourcemap-codec': [ '1.4.11' ],
92 silly audit   '@jridgewell/trace-mapping': [ '0.3.4' ],
92 silly audit   '@nodelib/fs.scandir': [ '2.1.5' ],
92 silly audit   '@nodelib/fs.stat': [ '2.0.5' ],
92 silly audit   '@nodelib/fs.walk': [ '1.2.8' ],
92 silly audit   '@popperjs/core': [ '2.11.2' ],
92 silly audit   '@trysound/sax': [ '0.2.0' ],
92 silly audit   '@types/babel__core': [ '7.1.18' ],
92 silly audit   '@types/babel__generator': [ '7.6.4' ],
92 silly audit   '@types/babel__template': [ '7.4.1' ],
92 silly audit   '@types/babel__traverse': [ '7.14.2' ],
92 silly audit   '@types/body-parser': [ '1.19.2' ],
92 silly audit   '@types/bonjour': [ '3.5.10' ],
92 silly audit   '@types/clean-css': [ '4.2.5' ],
92 silly audit   'source-map': [ '0.6.1', '0.5.7', '0.7.3' ],
92 silly audit   '@types/connect': [ '3.4.35' ],
92 silly audit   '@types/connect-history-api-fallback': [ '1.3.5' ],
92 silly audit   '@types/eslint': [ '8.4.1' ],
92 silly audit   '@types/eslint-scope': [ '3.7.3' ],
92 silly audit   '@types/estree': [ '0.0.51' ],
92 silly audit   '@types/express': [ '4.17.13' ],
92 silly audit   '@types/express-serve-static-core': [ '4.17.28' ],
92 silly audit   '@types/glob': [ '7.2.0' ],
92 silly audit   '@types/http-proxy': [ '1.17.8' ],
92 silly audit   '@types/imagemin': [ '8.0.0' ],
92 silly audit   '@types/imagemin-gifsicle': [ '7.0.1' ],
92 silly audit   '@types/imagemin-mozjpeg': [ '8.0.1' ],
92 silly audit   '@types/imagemin-optipng': [ '5.2.1' ],
92 silly audit   '@types/imagemin-svgo': [ '8.0.1' ],
92 silly audit   '@types/json-schema': [ '7.0.9' ],
92 silly audit   '@types/mime': [ '1.3.2' ],
92 silly audit   '@types/minimatch': [ '3.0.5' ],
92 silly audit   '@types/node': [ '17.0.21' ],
92 silly audit   '@types/parse-json': [ '4.0.0' ],
92 silly audit   '@types/qs': [ '6.9.7' ],
92 silly audit   '@types/range-parser': [ '1.2.4' ],
92 silly audit   '@types/retry': [ '0.12.1' ],
92 silly audit   '@types/serve-index': [ '1.9.1' ],
92 silly audit   '@types/serve-static': [ '1.13.10' ],
92 silly audit   '@types/sockjs': [ '0.3.33' ],
92 silly audit   '@types/svgo': [ '1.3.6' ],
92 silly audit   '@types/ws': [ '8.5.1' ],
92 silly audit   '@webassemblyjs/ast': [ '1.11.1' ],
92 silly audit   '@webassemblyjs/floating-point-hex-parser': [ '1.11.1' ],
92 silly audit   '@webassemblyjs/helper-api-error': [ '1.11.1' ],
92 silly audit   '@webassemblyjs/helper-buffer': [ '1.11.1' ],
92 silly audit   '@webassemblyjs/helper-numbers': [ '1.11.1' ],
92 silly audit   '@webassemblyjs/helper-wasm-bytecode': [ '1.11.1' ],
92 silly audit   '@webassemblyjs/helper-wasm-section': [ '1.11.1' ],
92 silly audit   '@webassemblyjs/ieee754': [ '1.11.1' ],
92 silly audit   '@webassemblyjs/leb128': [ '1.11.1' ],
92 silly audit   '@webassemblyjs/utf8': [ '1.11.1' ],
92 silly audit   '@webassemblyjs/wasm-edit': [ '1.11.1' ],
92 silly audit   '@webassemblyjs/wasm-gen': [ '1.11.1' ],
92 silly audit   '@webassemblyjs/wasm-opt': [ '1.11.1' ],
92 silly audit   '@webassemblyjs/wasm-parser': [ '1.11.1' ],
92 silly audit   '@webassemblyjs/wast-printer': [ '1.11.1' ],
92 silly audit   '@webpack-cli/configtest': [ '1.1.1' ],
92 silly audit   '@webpack-cli/info': [ '1.4.1' ],
92 silly audit   '@webpack-cli/serve': [ '1.6.1' ],
92 silly audit   '@xtuc/ieee754': [ '1.2.0' ],
92 silly audit   '@xtuc/long': [ '4.2.2' ],
92 silly audit   accepts: [ '1.3.8' ],
92 silly audit   acorn: [ '8.7.0' ],
92 silly audit   'acorn-import-assertions': [ '1.8.0' ],
92 silly audit   'adjust-sourcemap-loader': [ '3.0.0' ],
92 silly audit   'loader-utils': [ '2.0.2', '1.4.0', '1.2.3' ],
92 silly audit   'aggregate-error': [ '3.1.0' ],
92 silly audit   ajv: [ '6.12.6', '8.10.0' ],
92 silly audit   'ajv-formats': [ '2.1.1' ],
92 silly audit   'json-schema-traverse': [ '1.0.0', '0.4.1' ],
92 silly audit   'ajv-keywords': [ '3.5.2', '5.1.0' ],
92 silly audit   'ansi-html-community': [ '0.0.8' ],
92 silly audit   'ansi-regex': [ '5.0.1', '6.0.1' ],
92 silly audit   anymatch: [ '3.1.2' ],
92 silly audit   'arity-n': [ '1.0.4' ],
92 silly audit   'array-flatten': [ '2.1.2', '1.1.1' ],
92 silly audit   'array-union': [ '2.1.0' ],
92 silly audit   'asn1.js': [ '5.4.1' ],
92 silly audit   'bn.js': [ '4.12.0', '5.2.0' ],
92 silly audit   assert: [ '1.5.0' ],
92 silly audit   inherits: [ '2.0.1', '2.0.4', '2.0.3' ],
92 silly audit   util: [ '0.10.3', '0.11.1' ],
92 silly audit   async: [ '2.6.3' ],
92 silly audit   atob: [ '2.1.2' ],
92 silly audit   autoprefixer: [ '10.4.2' ],
92 silly audit   axios: [ '0.21.4' ],
92 silly audit   'babel-loader': [ '8.2.3' ],
92 silly audit   'babel-plugin-dynamic-import-node': [ '2.3.3' ],
92 silly audit   'babel-plugin-polyfill-corejs2': [ '0.3.1' ],
92 silly audit   'babel-plugin-polyfill-corejs3': [ '0.5.2' ],
92 silly audit   'babel-plugin-polyfill-regenerator': [ '0.3.1' ],
92 silly audit   'balanced-match': [ '1.0.2' ],
92 silly audit   'base64-js': [ '1.5.1' ],
92 silly audit   batch: [ '0.6.1' ],
92 silly audit   'big.js': [ '5.2.2' ],
92 silly audit   'binary-extensions': [ '2.2.0' ],
92 silly audit   'body-parser': [ '1.19.2' ],
92 silly audit   bytes: [ '3.1.2', '3.0.0' ],
92 silly audit   debug: [ '2.6.9', '4.3.3', '3.2.7' ],
92 silly audit   ms: [ '2.0.0', '2.1.2', '2.1.3' ],
92 silly audit   bonjour: [ '3.5.0' ],
92 silly audit   boolbase: [ '1.0.0' ],
92 silly audit   bootstrap: [ '5.1.3' ],
92 silly audit   'brace-expansion': [ '1.1.11' ],
92 silly audit   braces: [ '3.0.2' ],
92 silly audit   brorand: [ '1.1.0' ],
92 silly audit   'browserify-aes': [ '1.2.0' ],
92 silly audit   'browserify-cipher': [ '1.0.1' ],
92 silly audit   'browserify-des': [ '1.0.2' ],
92 silly audit   'browserify-rsa': [ '4.1.0' ],
92 silly audit   'browserify-sign': [ '4.2.1' ],
92 silly audit   'readable-stream': [ '3.6.0', '2.3.7' ],
92 silly audit   'safe-buffer': [ '5.2.1', '5.1.2' ],
92 silly audit   'browserify-zlib': [ '0.2.0' ],
92 silly audit   browserslist: [ '4.19.3' ],
92 silly audit   buffer: [ '4.9.2' ],
92 silly audit   'buffer-from': [ '1.1.2' ],
92 silly audit   'buffer-indexof': [ '1.1.1' ],
92 silly audit   'buffer-xor': [ '1.0.3' ],
92 silly audit   'builtin-status-codes': [ '3.0.0' ],
92 silly audit   'call-bind': [ '1.0.2' ],
92 silly audit   callsites: [ '3.1.0' ],
92 silly audit   'camel-case': [ '4.1.2' ],
92 silly audit   camelcase: [ '5.3.1' ],
92 silly audit   'caniuse-api': [ '3.0.0' ],
92 silly audit   'caniuse-lite': [ '1.0.30001312' ],
92 silly audit   charenc: [ '0.0.2' ],
92 silly audit   chokidar: [ '3.5.3' ],
92 silly audit   'chrome-trace-event': [ '1.0.3' ],
92 silly audit   'cipher-base': [ '1.0.4' ],
92 silly audit   'clean-css': [ '5.2.4', '4.2.4' ],
92 silly audit   'clean-stack': [ '2.2.0' ],
92 silly audit   'cli-table3': [ '0.6.1' ],
92 silly audit   cliui: [ '7.0.4' ],
92 silly audit   'clone-deep': [ '4.0.1' ],
92 silly audit   'collect.js': [ '4.31.3' ],
92 silly audit   colord: [ '2.9.2' ],
92 silly audit   colorette: [ '2.0.16' ],
92 silly audit   colors: [ '1.4.0' ],
92 silly audit   commander: [ '7.2.0', '2.20.3', '4.1.1' ],
92 silly audit   commondir: [ '1.0.1' ],
92 silly audit   'compose-function': [ '3.0.3' ],
92 silly audit   compressible: [ '2.0.18' ],
92 silly audit   compression: [ '1.7.4' ],
92 silly audit   concat: [ '1.0.3' ],
92 silly audit   'concat-map': [ '0.0.1' ],
92 silly audit   'connect-history-api-fallback': [ '1.6.0' ],
92 silly audit   consola: [ '2.15.3' ],
92 silly audit   'console-browserify': [ '1.2.0' ],
92 silly audit   'constants-browserify': [ '1.0.0' ],
92 silly audit   'content-disposition': [ '0.5.4' ],
92 silly audit   'content-type': [ '1.0.4' ],
92 silly audit   'convert-source-map': [ '1.8.0', '1.7.0', '0.3.5' ],
92 silly audit   cookie: [ '0.4.2' ],
92 silly audit   'cookie-signature': [ '1.0.6' ],
92 silly audit   'core-js-compat': [ '3.21.1' ],
92 silly audit   'core-util-is': [ '1.0.3' ],
92 silly audit   cosmiconfig: [ '7.0.1' ],
92 silly audit   'create-ecdh': [ '4.0.4' ],
92 silly audit   'create-hash': [ '1.2.0' ],
92 silly audit   'create-hmac': [ '1.1.7' ],
92 silly audit   'cross-spawn': [ '7.0.3' ],
92 silly audit   crypt: [ '0.0.2' ],
92 silly audit   'crypto-browserify': [ '3.12.0' ],
92 silly audit   css: [ '2.2.4' ],
92 silly audit   'css-declaration-sorter': [ '6.1.4' ],
92 silly audit   'css-loader': [ '5.2.7' ],
92 silly audit   'schema-utils': [ '3.1.1', '2.7.1', '4.0.0' ],
92 silly audit   'css-select': [ '4.2.1' ],
92 silly audit   domhandler: [ '4.3.0', '3.3.0' ],
92 silly audit   'css-tree': [ '1.1.3' ],
92 silly audit   'css-what': [ '5.1.0' ],
92 silly audit   cssesc: [ '3.0.0' ],
92 silly audit   cssnano: [ '5.0.17' ],
92 silly audit   'cssnano-preset-default': [ '5.1.12' ],
92 silly audit   'cssnano-utils': [ '3.0.2' ],
92 silly audit   csso: [ '4.2.0' ],
92 silly audit   d: [ '1.0.1' ],
92 silly audit   'de-indent': [ '1.0.2' ],
92 silly audit   'decode-uri-component': [ '0.2.0' ],
92 silly audit   'deep-equal': [ '1.1.1' ],
92 silly audit   'default-gateway': [ '6.0.3' ],
92 silly audit   'define-lazy-prop': [ '2.0.0' ],
92 silly audit   'define-properties': [ '1.1.3' ],
92 silly audit   del: [ '6.0.0' ],
92 silly audit   globby: [ '11.1.0', '10.0.2' ],
92 silly audit   depd: [ '1.1.2' ],
92 silly audit   'des.js': [ '1.0.1' ],
92 silly audit   destroy: [ '1.0.4' ],
92 silly audit   'detect-node': [ '2.1.0' ],
92 silly audit   'diffie-hellman': [ '5.0.3' ],
92 silly audit   'dir-glob': [ '3.0.1' ],
92 silly audit   'dns-equal': [ '1.0.0' ],
92 silly audit   'dns-packet': [ '1.3.4' ],
92 silly audit   'dns-txt': [ '2.0.2' ],
92 silly audit   'dom-serializer': [ '1.3.2' ],
92 silly audit   'domain-browser': [ '1.2.0' ],
92 silly audit   domelementtype: [ '2.2.0' ],
92 silly audit   domutils: [ '2.8.0' ],
92 silly audit   'dot-case': [ '3.0.4' ],
92 silly audit   dotenv: [ '10.0.0' ],
92 silly audit   'dotenv-expand': [ '5.1.0' ],
92 silly audit   'ee-first': [ '1.1.1' ],
92 silly audit   'electron-to-chromium': [ '1.4.73' ],
92 silly audit   elliptic: [ '6.5.4' ],
92 silly audit   'emoji-regex': [ '8.0.0' ],
92 silly audit   'emojis-list': [ '3.0.0', '2.1.0' ],
92 silly audit   encodeurl: [ '1.0.2' ],
92 silly audit   'enhanced-resolve': [ '5.9.1' ],
92 silly audit   entities: [ '2.2.0' ],
92 silly audit   envinfo: [ '7.8.1' ],
92 silly audit   'error-ex': [ '1.3.2' ],
92 silly audit   'es-module-lexer': [ '0.9.3' ],
92 silly audit   'es5-ext': [ '0.10.59' ],
92 silly audit   'es6-iterator': [ '2.0.3' ],
92 silly audit   'es6-symbol': [ '3.1.3' ],
92 silly audit   escalade: [ '3.1.1' ],
92 silly audit   'escape-html': [ '1.0.3' ],
92 silly audit   'escape-string-regexp': [ '1.0.5' ],
92 silly audit   'eslint-scope': [ '5.1.1' ],
92 silly audit   esrecurse: [ '4.3.0' ],
92 silly audit   estraverse: [ '5.3.0', '4.3.0' ],
92 silly audit   esutils: [ '2.0.3' ],
92 silly audit   etag: [ '1.8.1' ],
92 silly audit   eventemitter3: [ '4.0.7' ],
92 silly audit   events: [ '3.3.0' ],
92 silly audit   evp_bytestokey: [ '1.0.3' ],
92 silly audit   execa: [ '5.1.1' ],
92 silly audit   express: [ '4.17.3' ],
92 silly audit   ext: [ '1.6.0' ],
92 silly audit   type: [ '2.6.0', '1.2.0' ],
92 silly audit   'fast-deep-equal': [ '3.1.3' ],
92 silly audit   'fast-glob': [ '3.2.11' ],
92 silly audit   'fast-json-stable-stringify': [ '2.1.0' ],
92 silly audit   'fastest-levenshtein': [ '1.0.12' ],
92 silly audit   fastq: [ '1.13.0' ],
92 silly audit   'faye-websocket': [ '0.11.4' ],
92 silly audit   'file-loader': [ '6.2.0' ],
92 silly audit   'file-type': [ '12.4.2' ],
92 silly audit   'fill-range': [ '7.0.1' ],
92 silly audit   finalhandler: [ '1.1.2' ],
92 silly audit   'find-cache-dir': [ '3.3.2' ],
92 silly audit   'find-up': [ '4.1.0' ],
92 silly audit   'follow-redirects': [ '1.14.9' ],
92 silly audit   forwarded: [ '0.2.0' ],
92 silly audit   'fraction.js': [ '4.1.3' ],
92 silly audit   fresh: [ '0.5.2' ],
92 silly audit   'fs-extra': [ '10.0.1' ],
92 silly audit   'fs-monkey': [ '1.0.3' ],
92 silly audit   'fs.realpath': [ '1.0.0' ],
92 silly audit   fsevents: [ '2.3.2' ],
92 silly audit   'function-bind': [ '1.1.1' ],
92 silly audit   gensync: [ '1.0.0-beta.2' ],
92 silly audit   'get-caller-file': [ '2.0.5' ],
92 silly audit   'get-intrinsic': [ '1.1.1' ],
92 silly audit   'get-stream': [ '6.0.1' ],
92 silly audit   glob: [ '7.2.0' ],
92 silly audit   'glob-parent': [ '5.1.2' ],
92 silly audit   'glob-to-regexp': [ '0.4.1' ],
92 silly audit   globals: [ '11.12.0' ],
92 silly audit   'graceful-fs': [ '4.2.9' ],
92 silly audit   growly: [ '1.3.0' ],
92 silly audit   'handle-thing': [ '2.0.1' ],
92 silly audit   has: [ '1.0.3' ],
92 silly audit   'has-symbols': [ '1.0.2' ],
92 silly audit   'has-tostringtag': [ '1.0.0' ],
92 silly audit   'hash-base': [ '3.1.0' ],
92 silly audit   'hash-sum': [ '1.0.2' ],
92 silly audit   'hash.js': [ '1.1.7' ],
92 silly audit   he: [ '1.2.0' ],
92 silly audit   'hmac-drbg': [ '1.0.1' ],
92 silly audit   'hpack.js': [ '2.1.6' ],
92 silly audit   'html-entities': [ '2.3.2' ],
92 silly audit   'html-loader': [ '1.3.2' ],
92 silly audit   'html-minifier-terser': [ '5.1.1' ],
92 silly audit   terser: [ '4.8.0', '5.11.0' ],
92 silly audit   htmlparser2: [ '4.1.0' ],
92 silly audit   'http-deceiver': [ '1.2.7' ],
92 silly audit   'http-errors': [ '1.8.1', '1.6.3' ],
92 silly audit   'http-parser-js': [ '0.5.5' ],
92 silly audit   'http-proxy': [ '1.18.1' ],
92 silly audit   'http-proxy-middleware': [ '2.0.3' ],
92 silly audit   'https-browserify': [ '1.0.0' ],
92 silly audit   'human-signals': [ '2.1.0' ],
92 silly audit   'iconv-lite': [ '0.4.24' ],
92 silly audit   'icss-utils': [ '5.1.0' ],
92 silly audit   ieee754: [ '1.2.1' ],
92 silly audit   ignore: [ '5.2.0' ],
92 silly audit   imagemin: [ '7.0.1' ],
92 silly audit   'img-loader': [ '4.0.0' ],
92 silly audit   immutable: [ '4.0.0' ],
92 silly audit   'import-fresh': [ '3.3.0' ],
92 silly audit   'import-local': [ '3.1.0' ],
92 silly audit   'indent-string': [ '4.0.0' ],
92 silly audit   inflight: [ '1.0.6' ],
92 silly audit   interpret: [ '2.2.0' ],
92 silly audit   ip: [ '1.1.5' ],
92 silly audit   'ipaddr.js': [ '2.0.1', '1.9.1' ],
92 silly audit   'is-arguments': [ '1.1.1' ],
92 silly audit   'is-arrayish': [ '0.2.1' ],
92 silly audit   'is-binary-path': [ '2.1.0' ],
92 silly audit   'is-buffer': [ '1.1.6' ],
92 silly audit   'is-core-module': [ '2.8.1' ],
92 silly audit   'is-date-object': [ '1.0.5' ],
92 silly audit   'is-docker': [ '2.2.1' ],
92 silly audit   'is-extglob': [ '2.1.1' ],
92 silly audit   'is-fullwidth-code-point': [ '3.0.0' ],
92 silly audit   'is-glob': [ '4.0.3' ],
92 silly audit   'is-number': [ '7.0.0' ],
92 silly audit   'is-path-cwd': [ '2.2.0' ],
92 silly audit   'is-path-inside': [ '3.0.3' ],
92 silly audit   'is-plain-obj': [ '3.0.0' ],
92 silly audit   'is-plain-object': [ '2.0.4' ],
92 silly audit   'is-regex': [ '1.1.4' ],
92 silly audit   'is-stream': [ '2.0.1' ],
92 silly audit   'is-wsl': [ '2.2.0' ],
92 silly audit   isarray: [ '1.0.0' ],
92 silly audit   isexe: [ '2.0.0' ],
92 silly audit   isobject: [ '3.0.1' ],
92 silly audit   'jest-worker': [ '27.5.1' ],
92 silly audit   'js-tokens': [ '4.0.0' ],
92 silly audit   jsesc: [ '2.5.2', '0.5.0' ],
92 silly audit   'json-parse-better-errors': [ '1.0.2' ],
92 silly audit   'json-parse-even-better-errors': [ '2.3.1' ],
92 silly audit   json5: [ '2.2.0', '1.0.1' ],
92 silly audit   jsonfile: [ '6.1.0' ],
92 silly audit   junk: [ '3.1.0' ],
92 silly audit   'kind-of': [ '6.0.3' ],
92 silly audit   klona: [ '2.0.5' ],
92 silly audit   'laravel-mix': [ '6.0.43' ],
92 silly audit   lilconfig: [ '2.0.4' ],
92 silly audit   'lines-and-columns': [ '1.2.4' ],
92 silly audit   'loader-runner': [ '4.2.0' ],
92 silly audit   'locate-path': [ '5.0.0' ],
92 silly audit   lodash: [ '4.17.21' ],
92 silly audit   'lodash.debounce': [ '4.0.8' ],
92 silly audit   'lodash.memoize': [ '4.1.2' ],
92 silly audit   'lodash.uniq': [ '4.5.0' ],
92 silly audit   'lower-case': [ '2.0.2' ],
92 silly audit   'lru-cache': [ '6.0.0' ],
92 silly audit   'make-dir': [ '3.1.0' ],
92 silly audit   md5: [ '2.3.0' ],
92 silly audit   'md5.js': [ '1.3.5' ],
92 silly audit   'mdn-data': [ '2.0.14' ],
92 silly audit   'media-typer': [ '0.3.0' ],
92 silly audit   memfs: [ '3.4.1' ],
92 silly audit   'merge-descriptors': [ '1.0.1' ],
92 silly audit   'merge-stream': [ '2.0.0' ],
92 silly audit   merge2: [ '1.4.1' ],
92 silly audit   methods: [ '1.1.2' ],
92 silly audit   micromatch: [ '4.0.4' ],
92 silly audit   'miller-rabin': [ '4.0.1' ],
92 silly audit   mime: [ '1.6.0' ],
92 silly audit   'mime-db': [ '1.51.0' ],
92 silly audit   'mime-types': [ '2.1.34' ],
92 silly audit   'mimic-fn': [ '2.1.0' ],
92 silly audit   'mini-css-extract-plugin': [ '1.6.2' ],
92 silly audit   'minimalistic-assert': [ '1.0.1' ],
92 silly audit   'minimalistic-crypto-utils': [ '1.0.1' ],
92 silly audit   minimatch: [ '3.1.2' ],
92 silly audit   mkdirp: [ '0.5.5' ],
92 silly audit   'multicast-dns': [ '6.2.3' ],
92 silly audit   'multicast-dns-service-types': [ '1.1.0' ],
92 silly audit   nanoid: [ '3.3.1' ],
92 silly audit   negotiator: [ '0.6.3' ],
92 silly audit   'neo-async': [ '2.6.2' ],
92 silly audit   'next-tick': [ '1.1.0' ],
92 silly audit   'no-case': [ '3.0.4' ],
92 silly audit   'node-libs-browser': [ '2.2.1' ],
92 silly audit   'node-notifier': [ '9.0.1' ],
92 silly audit   'node-releases': [ '2.0.2' ],
92 silly audit   'normalize-path': [ '3.0.0' ],
92 silly audit   'normalize-range': [ '0.1.2' ],
92 silly audit   'normalize-url': [ '6.1.0' ],
92 silly audit   'npm-run-path': [ '4.0.1' ],
92 silly audit   'nth-check': [ '2.0.1' ],
92 silly audit   'object-assign': [ '4.1.1' ],
92 silly audit   'object-is': [ '1.1.5' ],
92 silly audit   'object-keys': [ '1.1.1' ],
92 silly audit   'object.assign': [ '4.1.2' ],
92 silly audit   obuf: [ '1.1.2' ],
92 silly audit   'on-finished': [ '2.3.0' ],
92 silly audit   'on-headers': [ '1.0.2' ],
92 silly audit   once: [ '1.4.0' ],
92 silly audit   onetime: [ '5.1.2' ],
92 silly audit   open: [ '8.4.0' ],
92 silly audit   'os-browserify': [ '0.3.0' ],
92 silly audit   'p-limit': [ '2.3.0' ],
92 silly audit   'p-locate': [ '4.1.0' ],
92 silly audit   'p-map': [ '4.0.0' ],
92 silly audit   'p-pipe': [ '3.1.0' ],
92 silly audit   'p-retry': [ '4.6.1' ],
92 silly audit   'p-try': [ '2.2.0' ],
92 silly audit   pako: [ '1.0.11' ],
92 silly audit   'param-case': [ '3.0.4' ],
92 silly audit   'parent-module': [ '1.0.1' ],
92 silly audit   'parse-asn1': [ '5.1.6' ],
92 silly audit   'parse-json': [ '5.2.0' ],
92 silly audit   parseurl: [ '1.3.3' ],
92 silly audit   'pascal-case': [ '3.1.2' ],
92 silly audit   'path-browserify': [ '0.0.1' ],
92 silly audit   'path-exists': [ '4.0.0' ],
92 silly audit   'path-is-absolute': [ '1.0.1' ],
92 silly audit   'path-key': [ '3.1.1' ],
92 silly audit   'path-parse': [ '1.0.7' ],
92 silly audit   'path-to-regexp': [ '0.1.7' ],
92 silly audit   'path-type': [ '4.0.0' ],
92 silly audit   pbkdf2: [ '3.1.2' ],
92 silly audit   picocolors: [ '1.0.0' ],
92 silly audit   picomatch: [ '2.3.1' ],
92 silly audit   'pkg-dir': [ '4.2.0' ],
92 silly audit   portfinder: [ '1.0.28' ],
92 silly audit   postcss: [ '8.4.7', '7.0.36' ],
92 silly audit   'postcss-calc': [ '8.2.4' ],
92 silly audit   'postcss-colormin': [ '5.2.5' ],
92 silly audit   'postcss-convert-values': [ '5.0.4' ],
92 silly audit   'postcss-discard-comments': [ '5.0.3' ],
92 silly audit   'postcss-discard-duplicates': [ '5.0.3' ],
92 silly audit   'postcss-discard-empty': [ '5.0.3' ],
92 silly audit   'postcss-discard-overridden': [ '5.0.4' ],
92 silly audit   'postcss-load-config': [ '3.1.3' ],
92 silly audit   'postcss-loader': [ '6.2.1' ],
92 silly audit   'postcss-merge-longhand': [ '5.0.6' ],
92 silly audit   'postcss-merge-rules': [ '5.0.6' ],
92 silly audit   'postcss-minify-font-values': [ '5.0.4' ],
92 silly audit   'postcss-minify-gradients': [ '5.0.6' ],
92 silly audit   'postcss-minify-params': [ '5.0.5' ],
92 silly audit   'postcss-minify-selectors': [ '5.1.3' ],
92 silly audit   'postcss-modules-extract-imports': [ '3.0.0' ],
92 silly audit   'postcss-modules-local-by-default': [ '4.0.0' ],
92 silly audit   'postcss-modules-scope': [ '3.0.0' ],
92 silly audit   'postcss-modules-values': [ '4.0.0' ],
92 silly audit   'postcss-normalize-charset': [ '5.0.3' ],
92 silly audit   'postcss-normalize-display-values': [ '5.0.3' ],
92 silly audit   'postcss-normalize-positions': [ '5.0.4' ],
92 silly audit   'postcss-normalize-repeat-style': [ '5.0.4' ],
92 silly audit   'postcss-normalize-string': [ '5.0.4' ],
92 silly audit   'postcss-normalize-timing-functions': [ '5.0.3' ],
92 silly audit   'postcss-normalize-unicode': [ '5.0.4' ],
92 silly audit   'postcss-normalize-url': [ '5.0.5' ],
92 silly audit   'postcss-normalize-whitespace': [ '5.0.4' ],
92 silly audit   'postcss-ordered-values': [ '5.0.5' ],
92 silly audit   'postcss-reduce-initial': [ '5.0.3' ],
92 silly audit   'postcss-reduce-transforms': [ '5.0.4' ],
92 silly audit   'postcss-selector-parser': [ '6.0.9' ],
92 silly audit   'postcss-svgo': [ '5.0.4' ],
92 silly audit   'postcss-unique-selectors': [ '5.0.4' ],
92 silly audit   'postcss-value-parser': [ '4.2.0' ],
92 silly audit   'pretty-time': [ '1.1.0' ],
92 silly audit   process: [ '0.11.10' ],
92 silly audit   'process-nextick-args': [ '2.0.1' ],
92 silly audit   'proxy-addr': [ '2.0.7' ],
92 silly audit   'public-encrypt': [ '4.0.3' ],
92 silly audit   punycode: [ '1.4.1', '2.1.1', '1.3.2' ],
92 silly audit   qs: [ '6.9.7' ],
92 silly audit   querystring: [ '0.2.0' ],
92 silly audit   'querystring-es3': [ '0.2.1' ],
92 silly audit   'queue-microtask': [ '1.2.3' ],
92 silly audit   randombytes: [ '2.1.0' ],
92 silly audit   randomfill: [ '1.0.4' ],
92 silly audit   'range-parser': [ '1.2.1' ],
92 silly audit   'raw-body': [ '2.4.3' ],
92 silly audit   string_decoder: [ '1.1.1', '1.3.0' ],
92 silly audit   readdirp: [ '3.6.0' ],
92 silly audit   rechoir: [ '0.7.1' ],
92 silly audit   regenerate: [ '1.4.2' ],
92 silly audit   'regenerate-unicode-properties': [ '10.0.1' ],
92 silly audit   'regenerator-runtime': [ '0.13.9' ],
92 silly audit   'regenerator-transform': [ '0.14.5' ],
92 silly audit   'regex-parser': [ '2.2.11' ],
92 silly audit   'regexp.prototype.flags': [ '1.4.1' ],
92 silly audit   'regexpu-core': [ '5.0.1' ],
92 silly audit   regjsgen: [ '0.6.0' ],
92 silly audit   regjsparser: [ '0.8.4' ],
92 silly audit   relateurl: [ '0.2.7' ],
92 silly audit   'replace-ext': [ '1.0.1' ],
92 silly audit   'require-directory': [ '2.1.1' ],
92 silly audit   'require-from-string': [ '2.0.2' ],
92 silly audit   'requires-port': [ '1.0.0' ],
92 silly audit   resolve: [ '1.22.0' ],
92 silly audit   'resolve-cwd': [ '3.0.0' ],
92 silly audit   'resolve-from': [ '5.0.0', '4.0.0' ],
92 silly audit   'resolve-url': [ '0.2.1' ],
92 silly audit   'resolve-url-loader': [ '3.1.4' ],
92 silly audit   retry: [ '0.13.1' ],
92 silly audit   reusify: [ '1.0.4' ],
92 silly audit   rework: [ '1.0.1' ],
92 silly audit   'rework-visit': [ '1.0.0' ],
92 silly audit   rimraf: [ '3.0.2' ],
92 silly audit   ripemd160: [ '2.0.2' ],
92 silly audit   'run-parallel': [ '1.2.0' ],
92 silly audit   'safer-buffer': [ '2.1.2' ],
92 silly audit   sass: [ '1.49.9' ],
92 silly audit   'sass-loader': [ '11.1.1' ],
92 silly audit   'select-hose': [ '2.0.0' ],
92 silly audit   selfsigned: [ '2.0.0' ],
92 silly audit   send: [ '0.17.2' ],
92 silly audit   'serialize-javascript': [ '6.0.0' ],
92 silly audit   'serve-index': [ '1.9.1' ],
92 silly audit   setprototypeof: [ '1.1.0', '1.2.0' ],
92 silly audit   'serve-static': [ '1.14.2' ],
92 silly audit   setimmediate: [ '1.0.5' ],
92 silly audit   'sha.js': [ '2.4.11' ],
92 silly audit   'shallow-clone': [ '3.0.1' ],
92 silly audit   'shebang-command': [ '2.0.0' ],
92 silly audit   'shebang-regex': [ '3.0.0' ],
92 silly audit   shellwords: [ '0.1.1' ],
92 silly audit   'signal-exit': [ '3.0.7' ],
92 silly audit   slash: [ '3.0.0' ],
92 silly audit   sockjs: [ '0.3.24' ],
92 silly audit   'source-list-map': [ '2.0.1' ],
92 silly audit   'source-map-js': [ '1.0.2' ],
92 silly audit   'source-map-resolve': [ '0.5.3' ],
92 silly audit   'source-map-support': [ '0.5.21' ],
92 silly audit   'source-map-url': [ '0.4.1' ],
92 silly audit   spdy: [ '4.0.2' ],
92 silly audit   'spdy-transport': [ '3.0.0' ],
92 silly audit   stable: [ '0.1.8' ],
92 silly audit   statuses: [ '1.5.0' ],
92 silly audit   'std-env': [ '3.0.1' ],
92 silly audit   'stream-browserify': [ '2.0.2' ],
92 silly audit   'stream-http': [ '2.8.3' ],
92 silly audit   'string-width': [ '4.2.3' ],
92 silly audit   'strip-ansi': [ '6.0.1', '7.0.1' ],
92 silly audit   'strip-final-newline': [ '2.0.0' ],
92 silly audit   'style-loader': [ '2.0.0' ],
92 silly audit   stylehacks: [ '5.0.3' ],
92 silly audit   'supports-preserve-symlinks-flag': [ '1.0.0' ],
92 silly audit   svgo: [ '2.8.0' ],
92 silly audit   tapable: [ '2.2.1' ],
92 silly audit   'terser-webpack-plugin': [ '5.3.1' ],
92 silly audit   thunky: [ '1.1.0' ],
92 silly audit   'timers-browserify': [ '2.0.12' ],
92 silly audit   timsort: [ '0.3.0' ],
92 silly audit   'to-arraybuffer': [ '1.0.1' ],
92 silly audit   'to-fast-properties': [ '2.0.0' ],
92 silly audit   'to-regex-range': [ '5.0.1' ],
92 silly audit   toidentifier: [ '1.0.1' ],
92 silly audit   tslib: [ '2.3.1' ],
92 silly audit   'tty-browserify': [ '0.0.0' ],
92 silly audit   'type-is': [ '1.6.18' ],
92 silly audit   'unicode-canonical-property-names-ecmascript': [ '2.0.0' ],
92 silly audit   'unicode-match-property-ecmascript': [ '2.0.0' ],
92 silly audit   'unicode-match-property-value-ecmascript': [ '2.0.0' ],
92 silly audit   'unicode-property-aliases-ecmascript': [ '2.0.0' ],
92 silly audit   universalify: [ '2.0.0' ],
92 silly audit   unpipe: [ '1.0.0' ],
92 silly audit   'uri-js': [ '4.4.1' ],
92 silly audit   urix: [ '0.1.0' ],
92 silly audit   url: [ '0.11.0' ],
92 silly audit   'util-deprecate': [ '1.0.2' ],
92 silly audit   'utils-merge': [ '1.0.1' ],
92 silly audit   uuid: [ '8.3.2' ],
92 silly audit   vary: [ '1.1.2' ],
92 silly audit   'vm-browserify': [ '1.1.2' ],
92 silly audit   vue: [ '2.6.14' ],
92 silly audit   'vue-style-loader': [ '4.1.3' ],
92 silly audit   'vue-template-compiler': [ '2.6.14' ],
92 silly audit   watchpack: [ '2.3.1' ],
92 silly audit   wbuf: [ '1.7.3' ],
92 silly audit   webpack: [ '5.69.1' ],
92 silly audit   'webpack-cli': [ '4.9.2' ],
92 silly audit   'webpack-dev-middleware': [ '5.3.1' ],
92 silly audit   'webpack-dev-server': [ '4.7.4' ],
92 silly audit   'webpack-merge': [ '5.8.0' ],
92 silly audit   'webpack-notifier': [ '1.15.0' ],
92 silly audit   'webpack-sources': [ '1.4.3', '3.2.3' ],
92 silly audit   webpackbar: [ '5.0.2' ],
92 silly audit   'websocket-driver': [ '0.7.4' ],
92 silly audit   'websocket-extensions': [ '0.1.4' ],
92 silly audit   which: [ '2.0.2' ],
92 silly audit   wildcard: [ '2.0.0' ],
92 silly audit   'wrap-ansi': [ '7.0.0' ],
92 silly audit   wrappy: [ '1.0.2' ],
92 silly audit   ws: [ '8.5.0' ],
92 silly audit   xtend: [ '4.0.2' ],
92 silly audit   y18n: [ '5.0.8' ],
92 silly audit   yallist: [ '4.0.0' ],
92 silly audit   yaml: [ '1.10.2' ],
92 silly audit   yargs: [ '17.3.1' ],
92 silly audit   'yargs-parser': [ '21.0.1' ],
92 silly audit   minimist: [ '1.2.6' ],
92 silly audit   'node-forge': [ '1.3.0' ]
92 silly audit }
93 verbose reify failed optional dependency /var/www/node_modules/fsevents
94 silly reify mark deleted [ '/var/www/node_modules/fsevents' ]
95 timing reifyNode:node_modules/fsevents Completed in 6ms
96 silly tarball no local data for node-forge@https://registry.npmjs.org/node-forge/-/node-forge-1.3.0.tgz. Extracting by manifest.
97 silly tarball no local data for minimist@https://registry.npmjs.org/minimist/-/minimist-1.2.6.tgz. Extracting by manifest.
98 http fetch GET 200 https://registry.npmjs.org/minimist/-/minimist-1.2.6.tgz 130ms (cache miss)
99 timing reifyNode:node_modules/minimist Completed in 143ms
100 http fetch POST 200 https://registry.npmjs.org/-/npm/v1/security/advisories/bulk 263ms
101 timing auditReport:getReport Completed in 275ms
102 silly audit report {}
103 timing auditReport:init Completed in 0ms
104 timing reify:audit Completed in 276ms
105 http fetch GET 200 https://registry.npmjs.org/node-forge/-/node-forge-1.3.0.tgz 268ms (cache miss)
106 timing reifyNode:node_modules/node-forge Completed in 278ms
107 timing reify:unpack Completed in 279ms
108 timing reify:unretire Completed in 0ms
109 timing build:queue Completed in 2ms
110 timing build:deps Completed in 3ms
111 timing build Completed in 3ms
112 timing reify:build Completed in 4ms
113 timing reify:trash Completed in 15ms
114 timing reify:save Completed in 185ms
115 timing reify Completed in 1312ms
116 silly ADD
117 silly CHANGE node_modules/node-forge
118 silly CHANGE node_modules/minimist
119 timing command:audit Completed in 2479ms
120 verbose exit 0
121 timing npm Completed in 2844ms
122 info ok
